#
# A fatal error has been detected by the Java Runtime Environment:
#
#  EXCEPTION_ACCESS_VIOLATION (0xc0000005) at pc=0x00007ffa5afee0a9, pid=14548, tid=17180
#
# JRE version: OpenJDK Runtime Environment Microsoft-8035246 (17.0.8+7) (build 17.0.8+7-LTS)
# Java VM: OpenJDK 64-Bit Server VM Microsoft-8035246 (17.0.8+7-LTS, mixed mode, sharing, tiered, compressed oops, compressed class ptrs, g1 gc, windows-amd64)
# Problematic frame:
# V  [jvm.dll+0x2be0a9]
#
# No core dump will be written. Minidumps are not enabled by default on client versions of Windows
#
# If you would like to submit a bug report, please visit:
#   https://github.com/microsoft/openjdk/issues
#

---------------  S U M M A R Y ------------

Command Line: -XX:MaxMetaspaceSize=512m --add-opens=java.base/java.util=ALL-UNNAMED --add-opens=java.base/java.lang=ALL-UNNAMED --add-opens=java.base/java.lang.invoke=ALL-UNNAMED --add-opens=java.prefs/java.util.prefs=ALL-UNNAMED --add-opens=java.base/java.nio.charset=ALL-UNNAMED --add-opens=java.base/java.net=ALL-UNNAMED --add-opens=java.base/java.util.concurrent.atomic=ALL-UNNAMED -Xmx2048m -Dfile.encoding=windows-1252 -Duser.country=ID -Duser.language=en -Duser.variant -javaagent:C:\Users\Admin\.gradle\wrapper\dists\gradle-8.3-all\6en3ugtfdg5xnpx44z4qbwgas\gradle-8.3\lib\agents\gradle-instrumentation-agent-8.3.jar org.gradle.launcher.daemon.bootstrap.GradleDaemon 8.3

Host: Intel(R) Core(TM) i7-7600U CPU @ 2.80GHz, 4 cores, 23G,  Windows 10 , 64 bit Build 19041 (10.0.19041.3636)
Time: Mon Jan  1 22:20:01 2024 Malay Peninsula Standard Time elapsed time: 80.400801 seconds (0d 0h 1m 20s)

---------------  T H R E A D  ---------------

Current thread (0x00000240da2c0c80):  JavaThread "C2 CompilerThread1" daemon [_thread_in_native, id=17180, stack(0x000000b293c00000,0x000000b293d00000)]


Current CompileTask:
C2:  80400 15531       4       org.gradle.cache.internal.ExclusiveCacheAccessingWorker$1::call (10 bytes)

Stack: [0x000000b293c00000,0x000000b293d00000],  sp=0x000000b293cfb7d0,  free space=1005k
Native frames: (J=compiled Java code, j=interpreted, Vv=VM code, C=native code)
V  [jvm.dll+0x2be0a9]
V  [jvm.dll+0x21ba8b]
V  [jvm.dll+0x21944b]
V  [jvm.dll+0x1a56b6]
V  [jvm.dll+0x2291ea]
V  [jvm.dll+0x22724c]
V  [jvm.dll+0x7efd0c]
V  [jvm.dll+0x7ea13a]
V  [jvm.dll+0x67ad85]
C  [ucrtbase.dll+0x21bb2]
C  [KERNEL32.DLL+0x17344]
C  [ntdll.dll+0x526b1]


siginfo: EXCEPTION_ACCESS_VIOLATION (0xc0000005), reading address 0x0000000000000028


Register to memory mapping:

RIP=0x00007ffa5afee0a9 jvm.dll
RAX=0x00000240e4b8a050 points into unknown readable memory: 0x0000000000000000 | 00 00 00 00 00 00 00 00
RBX=0x000000000000198c is an unknown value
RCX=0x0 is NULL
RDX=0x0 is NULL
RSP=0x000000b293cfb7d0 is pointing into the stack for thread: 0x00000240da2c0c80
RBP=0x000000b293cfb840 is pointing into the stack for thread: 0x00000240da2c0c80
RSI=0x0 is NULL
RDI=0x0000000000000051 is an unknown value
R8 =0x000000000000ffe0 is an unknown value
R9 =0x0 is NULL
R10=0x00007ffabc4b0000 VCRUNTIME140.dll
R11=0x00000240e4b8a070 points into unknown readable memory: 0x0000000000000000 | 00 00 00 00 00 00 00 00
R12=0x0000000000000050 is an unknown value
R13=0x0 is NULL
R14=0x0 is NULL
R15=0x000000b293cfe9f0 is pointing into the stack for thread: 0x00000240da2c0c80


Registers:
RAX=0x00000240e4b8a050, RBX=0x000000000000198c, RCX=0x0000000000000000, RDX=0x0000000000000000
RSP=0x000000b293cfb7d0, RBP=0x000000b293cfb840, RSI=0x0000000000000000, RDI=0x0000000000000051
R8 =0x000000000000ffe0, R9 =0x0000000000000000, R10=0x00007ffabc4b0000, R11=0x00000240e4b8a070
R12=0x0000000000000050, R13=0x0000000000000000, R14=0x0000000000000000, R15=0x000000b293cfe9f0
RIP=0x00007ffa5afee0a9, EFLAGS=0x0000000000010202

Top of Stack: (sp=0x000000b293cfb7d0)
0x000000b293cfb7d0:   000000000000198c 0000000000000000
0x000000b293cfb7e0:   000000b293cfe9f0 00007ffa5af538d1
0x000000b293cfb7f0:   00000240e2d029d0 00007ffa00002000
0x000000b293cfb800:   00000240e4b8a050 0000000000000000
0x000000b293cfb810:   0000000000000002 00000240e578a260
0x000000b293cfb820:   0000000000000002 00000240e2d029d0
0x000000b293cfb830:   0000000000000000 0000000000000000
0x000000b293cfb840:   00000240eaf35a20 000002409f1d4450
0x000000b293cfb850:   0000000000000051 00007ffa5b674c08
0x000000b293cfb860:   000000b293cfb970 00007ffa5af4ba8b
0x000000b293cfb870:   000000b293cfe9f0 00007ffa5b674c08
0x000000b293cfb880:   000000b293cfe9f0 000000b293cfb970
0x000000b293cfb890:   000000b200000000 000000b293cff550
0x000000b293cfb8a0:   000000b20000000f 000000b293cfe9f0
0x000000b293cfb8b0:   000000b293cfba20 00007ffa00000000
0x000000b293cfb8c0:   0000024000000100 00007ffa5b674c08 

Instructions: (pc=0x00007ffa5afee0a9)
0x00007ffa5afedfa9:   3b d0 75 0b ff c1 41 3b c9 7c dc 48 8b c2 c3 33
0x00007ffa5afedfb9:   c0 c3 cc cc cc cc cc 48 89 5c 24 18 55 56 57 41
0x00007ffa5afedfc9:   55 41 57 48 8b ec 48 83 ec 70 65 48 8b 04 25 58
0x00007ffa5afedfd9:   00 00 00 48 8b f2 44 8b 05 d2 8b 90 00 4c 8b f9
0x00007ffa5afedfe9:   4a 8b 1c c0 b8 50 00 00 00 80 3c 18 00 75 05 e8
0x00007ffa5afedff9:   8b 6f 5d 00 b8 20 00 00 00 48 8b 04 18 48 8b 98
0x00007ffa5afee009:   38 02 00 00 48 89 5d b0 c7 45 b8 04 00 00 00 48
0x00007ffa5afee019:   8b 43 18 48 83 f8 df 76 18 4c 8d 05 37 a9 65 00
0x00007ffa5afee029:   ba 20 00 00 00 48 8b cb e8 5a eb de ff 48 8b 43
0x00007ffa5afee039:   18 48 8d 48 20 48 3b 4b 20 76 11 45 33 c0 48 8b
0x00007ffa5afee049:   cb 41 8d 50 20 e8 fd e8 de ff eb 04 48 89 4b 18
0x00007ffa5afee059:   44 8b 45 b8 33 d2 49 c1 e0 03 48 8b c8 48 89 45
0x00007ffa5afee069:   c0 e8 e3 80 5d 00 45 33 ed 48 8d 4d d0 44 89 6d
0x00007ffa5afee079:   c8 e8 01 59 56 00 41 8b 9f 40 02 00 00 41 2b 9f
0x00007ffa5afee089:   68 02 00 00 44 89 6d f0 3b 5d b8 72 0b 8b d3 48
0x00007ffa5afee099:   8d 4d b0 e8 6f b3 39 00 48 8b 45 c0 4c 89 2c d8
0x00007ffa5afee0a9:   8b 7e 28 8b df c1 eb 05 3b 5d d0 72 0b 8b d3 48
0x00007ffa5afee0b9:   8d 4d d0 e8 1f 59 56 00 48 8b 45 d8 83 e7 1f 48
0x00007ffa5afee0c9:   8d 14 98 40 0f b6 cf 41 b8 01 00 00 00 41 d3 e0
0x00007ffa5afee0d9:   8b 0a 8b c1 41 0b c0 89 02 41 85 c8 75 21 8b 5d
0x00007ffa5afee0e9:   c8 8d 43 01 89 45 c8 3b 5d b8 72 0b 8b d3 48 8d
0x00007ffa5afee0f9:   4d b0 e8 10 b3 39 00 48 8b 45 c0 48 89 34 d8 44
0x00007ffa5afee109:   39 6d c8 0f 86 77 01 00 00 4c 89 a4 24 a0 00 00
0x00007ffa5afee119:   00 4c 89 b4 24 a8 00 00 00 48 8b 45 c0 41 8b cd
0x00007ffa5afee129:   48 8b 34 c8 8b 46 2c 25 ff 1f 00 00 3d 04 10 00
0x00007ffa5afee139:   00 0f 85 a7 00 00 00 bb 01 00 00 00 39 5e 18 76
0x00007ffa5afee149:   39 66 0f 1f 44 00 00 48 8b 46 08 8b cb 48 8b 14
0x00007ffa5afee159:   c8 48 85 d2 74 1d 48 83 7a 10 00 74 16 80 7a 2c
0x00007ffa5afee169:   84 74 10 e8 7f 7e ee ff 48 8b d0 49 8b cf e8 a4
0x00007ffa5afee179:   61 f6 ff ff c3 3b 5e 18 72 cd 48 8b 5e 10 8b 46
0x00007ffa5afee189:   20 4c 8d 34 c3 49 3b de 73 54 48 8b 3b 8b 47 2c
0x00007ffa5afee199:   83 e0 03 3c 03 75 2e 48 8b 07 48 8b cf ff 90 88 


Stack slot to memory mapping:
stack at sp + 0 slots: 0x000000000000198c is an unknown value
stack at sp + 1 slots: 0x0 is NULL
stack at sp + 2 slots: 0x000000b293cfe9f0 is pointing into the stack for thread: 0x00000240da2c0c80
stack at sp + 3 slots: 0x00007ffa5af538d1 jvm.dll
stack at sp + 4 slots: 0x00000240e2d029d0 points into unknown readable memory: 0x0000024000000006 | 06 00 00 00 40 02 00 00
stack at sp + 5 slots: 0x00007ffa00002000 is an unknown value
stack at sp + 6 slots: 0x00000240e4b8a050 points into unknown readable memory: 0x0000000000000000 | 00 00 00 00 00 00 00 00
stack at sp + 7 slots: 0x0 is NULL


---------------  P R O C E S S  ---------------

Threads class SMR info:
_java_thread_list=0x00000240ec2d24b0, length=93, elements={
0x000002409f1bd1c0, 0x00000240da01a610, 0x00000240da01b3a0, 0x00000240da030060,
0x00000240da033a50, 0x00000240da034320, 0x00000240da034bf0, 0x00000240da0358a0,
0x00000240da036260, 0x00000240da0a09f0, 0x00000240da005630, 0x00000240da2807c0,
0x00000240e06a1010, 0x00000240df34a2a0, 0x00000240df31bed0, 0x00000240dfaf7460,
0x00000240dfaf7940, 0x00000240e031b2f0, 0x00000240e031cc40, 0x00000240e031d150,
0x00000240e031c730, 0x00000240e031ade0, 0x00000240e031c220, 0x00000240e031b800,
0x00000240e031db70, 0x00000240e031e080, 0x00000240e031e590, 0x00000240e031bd10,
0x00000240e06da1e0, 0x00000240e06da6f0, 0x00000240e06db110, 0x00000240e06db620,
0x00000240e06dbb30, 0x00000240e06dac00, 0x00000240e06d9cd0, 0x00000240e06dcf70,
0x00000240e06dc550, 0x00000240da451ec0, 0x00000240da455670, 0x00000240da450060,
0x00000240da4579e0, 0x00000240da450f90, 0x00000240da455b80, 0x00000240da4519b0,
0x00000240da456090, 0x00000240da4565a0, 0x00000240da454740, 0x00000240da454c50,
0x00000240da456ab0, 0x00000240da452df0, 0x00000240da456fc0, 0x00000240da4574d0,
0x00000240da450570, 0x00000240da453300, 0x00000240da450a80, 0x00000240da453d20,
0x00000240e1998d30, 0x00000240e1996ed0, 0x00000240e19964b0, 0x00000240e19973e0,
0x00000240e19978f0, 0x00000240e199b5b0, 0x00000240e199a170, 0x00000240e1999750,
0x00000240e19969c0, 0x00000240e1998310, 0x00000240e1998820, 0x00000240e199cf00,
0x00000240e199b0a0, 0x00000240e199d920, 0x00000240e53365e0, 0x00000240e533a7b0,
0x00000240e5338440, 0x00000240e5339880, 0x00000240e5333d60, 0x00000240e5337000,
0x00000240da2c0c80, 0x00000240e533acc0, 0x00000240e5337510, 0x00000240e5338950,
0x00000240e5337a20, 0x00000240e533b6e0, 0x00000240e53356b0, 0x00000240e5337f30,
0x00000240e5338e60, 0x00000240e5339370, 0x00000240e5334c90, 0x00000240e53351a0,
0x00000240e5335bc0, 0x00000240e53360d0, 0x00000240e06d97c0, 0x00000240e031d660,
0x00000240ea906d40
}

Java Threads: ( => current thread )
  0x000002409f1bd1c0 JavaThread "main" [_thread_blocked, id=10984, stack(0x000000b28e200000,0x000000b28e300000)]
  0x00000240da01a610 JavaThread "Reference Handler" daemon [_thread_blocked, id=9484, stack(0x000000b28e900000,0x000000b28ea00000)]
  0x00000240da01b3a0 JavaThread "Finalizer" daemon [_thread_blocked, id=2748, stack(0x000000b28ea00000,0x000000b28eb00000)]
  0x00000240da030060 JavaThread "Signal Dispatcher" daemon [_thread_blocked, id=9996, stack(0x000000b28eb00000,0x000000b28ec00000)]
  0x00000240da033a50 JavaThread "Attach Listener" daemon [_thread_blocked, id=7924, stack(0x000000b28ec00000,0x000000b28ed00000)]
  0x00000240da034320 JavaThread "Service Thread" daemon [_thread_blocked, id=5624, stack(0x000000b28ed00000,0x000000b28ee00000)]
  0x00000240da034bf0 JavaThread "Monitor Deflation Thread" daemon [_thread_blocked, id=17624, stack(0x000000b28ee00000,0x000000b28ef00000)]
  0x00000240da0358a0 JavaThread "C2 CompilerThread0" daemon [_thread_in_native, id=16040, stack(0x000000b28ef00000,0x000000b28f000000)]
  0x00000240da036260 JavaThread "C1 CompilerThread0" daemon [_thread_blocked, id=3428, stack(0x000000b28f000000,0x000000b28f100000)]
  0x00000240da0a09f0 JavaThread "Sweeper thread" daemon [_thread_blocked, id=14204, stack(0x000000b28f100000,0x000000b28f200000)]
  0x00000240da005630 JavaThread "Common-Cleaner" daemon [_thread_blocked, id=11844, stack(0x000000b28f200000,0x000000b28f300000)]
  0x00000240da2807c0 JavaThread "Notification Thread" daemon [_thread_blocked, id=12292, stack(0x000000b28f300000,0x000000b28f400000)]
  0x00000240e06a1010 JavaThread "Daemon health stats" [_thread_blocked, id=10684, stack(0x000000b28fa00000,0x000000b28fb00000)]
  0x00000240df34a2a0 JavaThread "Incoming local TCP Connector on port 57149" [_thread_in_native, id=476, stack(0x000000b28f900000,0x000000b28fa00000)]
  0x00000240df31bed0 JavaThread "Daemon periodic checks" [_thread_blocked, id=15588, stack(0x000000b28fb00000,0x000000b28fc00000)]
  0x00000240dfaf7460 JavaThread "Daemon" [_thread_blocked, id=12356, stack(0x000000b28fc00000,0x000000b28fd00000)]
  0x00000240dfaf7940 JavaThread "Handler for socket connection from /127.0.0.1:57149 to /127.0.0.1:57150" [_thread_in_native, id=16984, stack(0x000000b28fd00000,0x000000b28fe00000)]
  0x00000240e031b2f0 JavaThread "Cancel handler" [_thread_blocked, id=9584, stack(0x000000b28fe00000,0x000000b28ff00000)]
  0x00000240e031cc40 JavaThread "Daemon worker" [_thread_blocked, id=10036, stack(0x000000b28ff00000,0x000000b290000000)]
  0x00000240e031d150 JavaThread "Asynchronous log dispatcher for DefaultDaemonConnection: socket connection from /127.0.0.1:57149 to /127.0.0.1:57150" [_thread_blocked, id=16460, stack(0x000000b290000000,0x000000b290100000)]
  0x00000240e031c730 JavaThread "Stdin handler" [_thread_blocked, id=17824, stack(0x000000b290100000,0x000000b290200000)]
  0x00000240e031ade0 JavaThread "Daemon client event forwarder" [_thread_blocked, id=7404, stack(0x000000b290200000,0x000000b290300000)]
  0x00000240e031c220 JavaThread "Cache worker for journal cache (C:\Users\Admin\.gradle\caches\journal-1)" [_thread_blocked, id=15996, stack(0x000000b290300000,0x000000b290400000)]
  0x00000240e031b800 JavaThread "File lock request listener" [_thread_in_native, id=4872, stack(0x000000b290400000,0x000000b290500000)]
  0x00000240e031db70 JavaThread "Cache worker for file hash cache (C:\Users\Admin\.gradle\caches\8.3\fileHashes)" [_thread_blocked, id=8892, stack(0x000000b290500000,0x000000b290600000)]
  0x00000240e031e080 JavaThread "File watcher server" daemon [_thread_in_native, id=7136, stack(0x000000b290700000,0x000000b290800000)]
  0x00000240e031e590 JavaThread "File watcher consumer" daemon [_thread_blocked, id=15788, stack(0x000000b290800000,0x000000b290900000)]
  0x00000240e031bd10 JavaThread "File lock release action executor" [_thread_blocked, id=6736, stack(0x000000b290600000,0x000000b290700000)]
  0x00000240e06da1e0 JavaThread "Cache worker for checksums cache (C:\Users\Admin\Documents\aplikasi\dcc\Mobile\android\.gradle\8.3\checksums)" [_thread_blocked, id=12568, stack(0x000000b290900000,0x000000b290a00000)]
  0x00000240e06da6f0 JavaThread "Cache worker for file hash cache (C:\Users\Admin\Documents\aplikasi\dcc\Mobile\android\.gradle\8.3\fileHashes)" [_thread_blocked, id=2680, stack(0x000000b290a00000,0x000000b290b00000)]
  0x00000240e06db110 JavaThread "Cache worker for cache directory md-supplier (C:\Users\Admin\.gradle\caches\8.3\md-supplier)" [_thread_blocked, id=8988, stack(0x000000b290b00000,0x000000b290c00000)]
  0x00000240e06db620 JavaThread "Cache worker for file content cache (C:\Users\Admin\.gradle\caches\8.3\fileContent)" [_thread_blocked, id=7816, stack(0x000000b290c00000,0x000000b290d00000)]
  0x00000240e06dbb30 JavaThread "Cache worker for cache directory md-rule (C:\Users\Admin\.gradle\caches\8.3\md-rule)" [_thread_blocked, id=12240, stack(0x000000b290d00000,0x000000b290e00000)]
  0x00000240e06dac00 JavaThread "Cache worker for execution history cache (C:\Users\Admin\.gradle\caches\8.3\executionHistory)" [_thread_blocked, id=17228, stack(0x000000b290e00000,0x000000b290f00000)]
  0x00000240e06d9cd0 JavaThread "jar transforms" [_thread_blocked, id=12736, stack(0x000000b291000000,0x000000b291100000)]
  0x00000240e06dcf70 JavaThread "jar transforms Thread 2" [_thread_blocked, id=17020, stack(0x000000b291100000,0x000000b291200000)]
  0x00000240e06dc550 JavaThread "jar transforms Thread 3" [_thread_blocked, id=16116, stack(0x000000b291200000,0x000000b291300000)]
  0x00000240da451ec0 JavaThread "jar transforms Thread 4" [_thread_blocked, id=4864, stack(0x000000b291300000,0x000000b291400000)]
  0x00000240da455670 JavaThread "Cache worker for kotlin-dsl (C:\Users\Admin\.gradle\caches\8.3\kotlin-dsl)" [_thread_blocked, id=2548, stack(0x000000b291400000,0x000000b291500000)]
  0x00000240da450060 JavaThread "Unconstrained build operations" [_thread_blocked, id=13056, stack(0x000000b290f00000,0x000000b291000000)]
  0x00000240da4579e0 JavaThread "Unconstrained build operations Thread 2" [_thread_blocked, id=19020, stack(0x000000b291600000,0x000000b291700000)]
  0x00000240da450f90 JavaThread "Cache worker for dependencies-accessors (C:\Users\Admin\Documents\aplikasi\dcc\Mobile\android\.gradle\8.3\dependencies-accessors)" [_thread_blocked, id=7540, stack(0x000000b291800000,0x000000b291900000)]
  0x00000240da455b80 JavaThread "Cache worker for Build Output Cleanup Cache (C:\Users\Admin\Documents\aplikasi\dcc\Mobile\node_modules\@react-native\gradle-plugin\.gradle\buildOutputCleanup)" [_thread_blocked, id=11564, stack(0x000000b291900000,0x000000b291a00000)]
  0x00000240da4519b0 JavaThread "Unconstrained build operations Thread 3" [_thread_blocked, id=9912, stack(0x000000b291700000,0x000000b291800000)]
  0x00000240da456090 JavaThread "Unconstrained build operations Thread 4" [_thread_blocked, id=18648, stack(0x000000b291a00000,0x000000b291b00000)]
  0x00000240da4565a0 JavaThread "Unconstrained build operations Thread 5" [_thread_blocked, id=11400, stack(0x000000b291b00000,0x000000b291c00000)]
  0x00000240da454740 JavaThread "Memory manager" [_thread_blocked, id=10420, stack(0x000000b291d00000,0x000000b291e00000)]
  0x00000240da454c50 JavaThread "Cache worker for Build Output Cleanup Cache (C:\Users\Admin\Documents\aplikasi\dcc\Mobile\android\.gradle\buildOutputCleanup)" [_thread_blocked, id=18896, stack(0x000000b291c00000,0x000000b291d00000)]
  0x00000240da456ab0 JavaThread "ForkJoinPool.commonPool-worker-1" daemon [_thread_blocked, id=13596, stack(0x000000b292100000,0x000000b292200000)]
  0x00000240da452df0 JavaThread "ForkJoinPool.commonPool-worker-2" daemon [_thread_blocked, id=7832, stack(0x000000b292200000,0x000000b292300000)]
  0x00000240da456fc0 JavaThread "ForkJoinPool.commonPool-worker-3" daemon [_thread_blocked, id=18568, stack(0x000000b292300000,0x000000b292400000)]
  0x00000240da4574d0 JavaThread "included builds" [_thread_blocked, id=19400, stack(0x000000b292400000,0x000000b292500000)]
  0x00000240da450570 JavaThread "Execution worker" [_thread_blocked, id=2848, stack(0x000000b292500000,0x000000b292600000)]
  0x00000240da453300 JavaThread "Execution worker Thread 2" [_thread_blocked, id=2072, stack(0x000000b292600000,0x000000b292700000)]
  0x00000240da450a80 JavaThread "Execution worker Thread 3" [_thread_blocked, id=2624, stack(0x000000b292700000,0x000000b292800000)]
  0x00000240da453d20 JavaThread "Cache worker for execution history cache (C:\Users\Admin\Documents\aplikasi\dcc\Mobile\node_modules\@react-native\gradle-plugin\.gradle\8.3\executionHistory)" [_thread_blocked, id=10920, stack(0x000000b292800000,0x000000b292900000)]
  0x00000240e1998d30 JavaThread "Unconstrained build operations Thread 6" [_thread_blocked, id=4176, stack(0x000000b292900000,0x000000b292a00000)]
  0x00000240e1996ed0 JavaThread "Unconstrained build operations Thread 7" [_thread_blocked, id=11180, stack(0x000000b292a00000,0x000000b292b00000)]
  0x00000240e19964b0 JavaThread "Unconstrained build operations Thread 8" [_thread_in_native, id=15396, stack(0x000000b292b00000,0x000000b292c00000)]
  0x00000240e19973e0 JavaThread "Unconstrained build operations Thread 9" [_thread_blocked, id=6744, stack(0x000000b292000000,0x000000b292100000)]
  0x00000240e19978f0 JavaThread "Unconstrained build operations Thread 10" [_thread_blocked, id=19248, stack(0x000000b292c00000,0x000000b292d00000)]
  0x00000240e199b5b0 JavaThread "Unconstrained build operations Thread 11" [_thread_blocked, id=17576, stack(0x000000b292d00000,0x000000b292e00000)]
  0x00000240e199a170 JavaThread "Unconstrained build operations Thread 12" [_thread_blocked, id=17540, stack(0x000000b292e00000,0x000000b292f00000)]
  0x00000240e1999750 JavaThread "Unconstrained build operations Thread 13" [_thread_blocked, id=1876, stack(0x000000b292f00000,0x000000b293000000)]
  0x00000240e19969c0 JavaThread "Unconstrained build operations Thread 14" [_thread_blocked, id=8084, stack(0x000000b28e100000,0x000000b28e200000)]
  0x00000240e1998310 JavaThread "Unconstrained build operations Thread 15" [_thread_blocked, id=8660, stack(0x000000b293000000,0x000000b293100000)]
  0x00000240e1998820 JavaThread "Unconstrained build operations Thread 16" [_thread_blocked, id=2284, stack(0x000000b293100000,0x000000b293200000)]
  0x00000240e199cf00 JavaThread "Unconstrained build operations Thread 17" [_thread_blocked, id=14028, stack(0x000000b293200000,0x000000b293300000)]
  0x00000240e199b0a0 JavaThread "Unconstrained build operations Thread 18" [_thread_blocked, id=17372, stack(0x000000b293300000,0x000000b293400000)]
  0x00000240e199d920 JavaThread "Unconstrained build operations Thread 19" [_thread_blocked, id=10316, stack(0x000000b293400000,0x000000b293500000)]
  0x00000240e53365e0 JavaThread "Unconstrained build operations Thread 20" [_thread_blocked, id=4972, stack(0x000000b293700000,0x000000b293800000)]
  0x00000240e533a7b0 JavaThread "Unconstrained build operations Thread 21" [_thread_blocked, id=2344, stack(0x000000b293800000,0x000000b293900000)]
  0x00000240e5338440 JavaThread "Unconstrained build operations Thread 22" [_thread_blocked, id=16420, stack(0x000000b293900000,0x000000b293a00000)]
  0x00000240e5339880 JavaThread "Unconstrained build operations Thread 23" [_thread_blocked, id=8044, stack(0x000000b28e000000,0x000000b28e100000)]
  0x00000240e5333d60 JavaThread "Unconstrained build operations Thread 24" [_thread_blocked, id=12108, stack(0x000000b293a00000,0x000000b293b00000)]
  0x00000240e5337000 JavaThread "Unconstrained build operations Thread 25" [_thread_blocked, id=15740, stack(0x000000b293b00000,0x000000b293c00000)]
=>0x00000240da2c0c80 JavaThread "C2 CompilerThread1" daemon [_thread_in_native, id=17180, stack(0x000000b293c00000,0x000000b293d00000)]
  0x00000240e533acc0 JavaThread "Unconstrained build operations Thread 26" [_thread_blocked, id=8264, stack(0x000000b293d00000,0x000000b293e00000)]
  0x00000240e5337510 JavaThread "Unconstrained build operations Thread 27" [_thread_blocked, id=17000, stack(0x000000b293e00000,0x000000b293f00000)]
  0x00000240e5338950 JavaThread "Unconstrained build operations Thread 28" [_thread_blocked, id=13656, stack(0x000000b293f00000,0x000000b294000000)]
  0x00000240e5337a20 JavaThread "Unconstrained build operations Thread 29" [_thread_blocked, id=2648, stack(0x000000b294000000,0x000000b294100000)]
  0x00000240e533b6e0 JavaThread "Unconstrained build operations Thread 30" [_thread_blocked, id=10388, stack(0x000000b294100000,0x000000b294200000)]
  0x00000240e53356b0 JavaThread "Unconstrained build operations Thread 31" [_thread_blocked, id=1652, stack(0x000000b294200000,0x000000b294300000)]
  0x00000240e5337f30 JavaThread "Unconstrained build operations Thread 32" [_thread_blocked, id=13716, stack(0x000000b294300000,0x000000b294400000)]
  0x00000240e5338e60 JavaThread "Unconstrained build operations Thread 33" [_thread_blocked, id=14752, stack(0x000000b294400000,0x000000b294500000)]
  0x00000240e5339370 JavaThread "Unconstrained build operations Thread 34" [_thread_blocked, id=4480, stack(0x000000b294500000,0x000000b294600000)]
  0x00000240e5334c90 JavaThread "Unconstrained build operations Thread 35" [_thread_blocked, id=18756, stack(0x000000b294600000,0x000000b294700000)]
  0x00000240e53351a0 JavaThread "Unconstrained build operations Thread 36" [_thread_blocked, id=7044, stack(0x000000b294700000,0x000000b294800000)]
  0x00000240e5335bc0 JavaThread "Unconstrained build operations Thread 37" [_thread_blocked, id=11428, stack(0x000000b294800000,0x000000b294900000)]
  0x00000240e53360d0 JavaThread "Unconstrained build operations Thread 38" [_thread_blocked, id=18664, stack(0x000000b294900000,0x000000b294a00000)]
  0x00000240e06d97c0 JavaThread "Unconstrained build operations Thread 39" [_thread_blocked, id=11460, stack(0x000000b294a00000,0x000000b294b00000)]
  0x00000240e031d660 JavaThread "Unconstrained build operations Thread 40" [_thread_blocked, id=13060, stack(0x000000b294b00000,0x000000b294c00000)]
  0x00000240ea906d40 JavaThread "Cache worker for execution history cache (C:\Users\Admin\Documents\aplikasi\dcc\Mobile\android\.gradle\8.3\executionHistory)" [_thread_blocked, id=11228, stack(0x000000b294c00000,0x000000b294d00000)]

Other Threads:
  0x00000240da015a90 VMThread "VM Thread" [stack: 0x000000b28e800000,0x000000b28e900000] [id=10324]
  0x00000240da280ca0 WatcherThread [stack: 0x000000b28f400000,0x000000b28f500000] [id=19388]
  0x000002409f2195f0 GCTaskThread "GC Thread#0" [stack: 0x000000b28e300000,0x000000b28e400000] [id=13012]
  0x00000240da992470 GCTaskThread "GC Thread#1" [stack: 0x000000b28f500000,0x000000b28f600000] [id=18996]
  0x00000240da992730 GCTaskThread "GC Thread#2" [stack: 0x000000b28f600000,0x000000b28f700000] [id=1384]
  0x00000240da9929f0 GCTaskThread "GC Thread#3" [stack: 0x000000b28f700000,0x000000b28f800000] [id=16204]
  0x000002409f22a450 ConcurrentGCThread "G1 Main Marker" [stack: 0x000000b28e400000,0x000000b28e500000] [id=10404]
  0x000002409f22ad70 ConcurrentGCThread "G1 Conc#0" [stack: 0x000000b28e500000,0x000000b28e600000] [id=15348]
  0x000002409f27eab0 ConcurrentGCThread "G1 Refine#0" [stack: 0x000000b28e600000,0x000000b28e700000] [id=4012]
  0x00000240da99dc00 ConcurrentGCThread "G1 Refine#1" [stack: 0x000000b28f800000,0x000000b28f900000] [id=15388]
  0x00000240e3da4d10 ConcurrentGCThread "G1 Refine#2" [stack: 0x000000b293500000,0x000000b293600000] [id=11552]
  0x00000240e3da7630 ConcurrentGCThread "G1 Refine#3" [stack: 0x000000b293600000,0x000000b293700000] [id=12268]
  0x00000240bec2c760 ConcurrentGCThread "G1 Service" [stack: 0x000000b28e700000,0x000000b28e800000] [id=14032]

Threads with active compile tasks:
C2 CompilerThread0    80529 15534   !   4       com.google.common.cache.LocalCache$Segment::lockedGetOrLoad (447 bytes)
C2 CompilerThread1    80529 15531       4       org.gradle.cache.internal.ExclusiveCacheAccessingWorker$1::call (10 bytes)

VM state: not at safepoint (normal execution)

VM Mutex/Monitor currently owned by a thread: None

Heap address: 0x0000000080000000, size: 2048 MB, Compressed Oops mode: 32-bit

CDS archive(s) mapped at: [0x00000240bf000000-0x00000240bfbd0000-0x00000240bfbd0000), size 12386304, SharedBaseAddress: 0x00000240bf000000, ArchiveRelocationMode: 1.
Compressed class space mapped at: 0x00000240c0000000-0x00000240da000000, reserved size: 436207616
Narrow klass base: 0x00000240bf000000, Narrow klass shift: 0, Narrow klass range: 0x100000000

GC Precious Log:
 CPUs: 4 total, 4 available
 Memory: 24410M
 Large Page Support: Disabled
 NUMA Support: Disabled
 Compressed Oops: Enabled (32-bit)
 Heap Region Size: 1M
 Heap Min Capacity: 8M
 Heap Initial Capacity: 382M
 Heap Max Capacity: 2G
 Pre-touch: Disabled
 Parallel Workers: 4
 Concurrent Workers: 1
 Concurrent Refinement Workers: 4
 Periodic GC: Disabled

Heap:
 garbage-first heap   total 279552K, used 217280K [0x0000000080000000, 0x0000000100000000)
  region size 1024K, 51 young (52224K), 5 survivors (5120K)
 Metaspace       used 104337K, committed 105472K, reserved 557056K
  class space    used 14451K, committed 14976K, reserved 425984K

Heap Regions: E=young(eden), S=young(survivor), O=old, HS=humongous(starts), HC=humongous(continues), CS=collection set, F=free, OA=open archive, CA=closed archive, TAMS=top-at-mark-start (previous, next)
|   0|0x0000000080000000, 0x0000000080100000, 0x0000000080100000|100%|HS|  |TAMS 0x0000000080100000, 0x0000000080000000| Complete 
|   1|0x0000000080100000, 0x0000000080200000, 0x0000000080200000|100%|HC|  |TAMS 0x0000000080200000, 0x0000000080100000| Complete 
|   2|0x0000000080200000, 0x0000000080300000, 0x0000000080300000|100%|HC|  |TAMS 0x0000000080300000, 0x0000000080200000| Complete 
|   3|0x0000000080300000, 0x0000000080400000, 0x0000000080400000|100%|HC|  |TAMS 0x0000000080400000, 0x0000000080300000| Complete 
|   4|0x0000000080400000, 0x0000000080500000, 0x0000000080500000|100%| O|  |TAMS 0x0000000080500000, 0x0000000080400000| Untracked 
|   5|0x0000000080500000, 0x0000000080600000, 0x0000000080600000|100%| O|  |TAMS 0x0000000080600000, 0x0000000080500000| Untracked 
|   6|0x0000000080600000, 0x0000000080700000, 0x0000000080700000|100%| O|  |TAMS 0x0000000080700000, 0x0000000080600000| Untracked 
|   7|0x0000000080700000, 0x0000000080800000, 0x0000000080800000|100%| O|  |TAMS 0x0000000080800000, 0x0000000080700000| Untracked 
|   8|0x0000000080800000, 0x0000000080900000, 0x0000000080900000|100%| O|  |TAMS 0x0000000080900000, 0x0000000080800000| Untracked 
|   9|0x0000000080900000, 0x0000000080a00000, 0x0000000080a00000|100%| O|  |TAMS 0x0000000080a00000, 0x0000000080900000| Untracked 
|  10|0x0000000080a00000, 0x0000000080b00000, 0x0000000080b00000|100%| O|  |TAMS 0x0000000080b00000, 0x0000000080a00000| Untracked 
|  11|0x0000000080b00000, 0x0000000080c00000, 0x0000000080c00000|100%| O|  |TAMS 0x0000000080c00000, 0x0000000080b00000| Untracked 
|  12|0x0000000080c00000, 0x0000000080d00000, 0x0000000080d00000|100%| O|  |TAMS 0x0000000080c00000, 0x0000000080c00000| Untracked 
|  13|0x0000000080d00000, 0x0000000080e00000, 0x0000000080e00000|100%| O|  |TAMS 0x0000000080e00000, 0x0000000080d00000| Untracked 
|  14|0x0000000080e00000, 0x0000000080f00000, 0x0000000080f00000|100%| O|  |TAMS 0x0000000080f00000, 0x0000000080e00000| Untracked 
|  15|0x0000000080f00000, 0x0000000081000000, 0x0000000081000000|100%| O|  |TAMS 0x0000000081000000, 0x0000000080f00000| Untracked 
|  16|0x0000000081000000, 0x0000000081100000, 0x0000000081100000|100%| O|  |TAMS 0x0000000081100000, 0x0000000081000000| Untracked 
|  17|0x0000000081100000, 0x0000000081200000, 0x0000000081200000|100%| O|  |TAMS 0x0000000081200000, 0x0000000081100000| Untracked 
|  18|0x0000000081200000, 0x0000000081300000, 0x0000000081300000|100%| O|  |TAMS 0x0000000081300000, 0x0000000081200000| Untracked 
|  19|0x0000000081300000, 0x0000000081400000, 0x0000000081400000|100%| O|  |TAMS 0x0000000081400000, 0x0000000081300000| Untracked 
|  20|0x0000000081400000, 0x0000000081500000, 0x0000000081500000|100%| O|  |TAMS 0x0000000081500000, 0x0000000081400000| Untracked 
|  21|0x0000000081500000, 0x0000000081600000, 0x0000000081600000|100%| O|  |TAMS 0x0000000081600000, 0x0000000081500000| Untracked 
|  22|0x0000000081600000, 0x0000000081700000, 0x0000000081700000|100%| O|  |TAMS 0x0000000081700000, 0x0000000081600000| Untracked 
|  23|0x0000000081700000, 0x0000000081800000, 0x0000000081800000|100%| O|  |TAMS 0x0000000081800000, 0x0000000081700000| Untracked 
|  24|0x0000000081800000, 0x0000000081900000, 0x0000000081900000|100%| O|  |TAMS 0x0000000081900000, 0x0000000081800000| Untracked 
|  25|0x0000000081900000, 0x0000000081a00000, 0x0000000081a00000|100%| O|  |TAMS 0x0000000081a00000, 0x0000000081900000| Untracked 
|  26|0x0000000081a00000, 0x0000000081b00000, 0x0000000081b00000|100%| O|  |TAMS 0x0000000081b00000, 0x0000000081a00000| Untracked 
|  27|0x0000000081b00000, 0x0000000081c00000, 0x0000000081c00000|100%| O|  |TAMS 0x0000000081c00000, 0x0000000081b00000| Untracked 
|  28|0x0000000081c00000, 0x0000000081d00000, 0x0000000081d00000|100%| O|  |TAMS 0x0000000081d00000, 0x0000000081c00000| Untracked 
|  29|0x0000000081d00000, 0x0000000081e00000, 0x0000000081e00000|100%| O|  |TAMS 0x0000000081e00000, 0x0000000081d00000| Untracked 
|  30|0x0000000081e00000, 0x0000000081f00000, 0x0000000081f00000|100%| O|  |TAMS 0x0000000081e00000, 0x0000000081e00000| Untracked 
|  31|0x0000000081f00000, 0x0000000082000000, 0x0000000082000000|100%| O|  |TAMS 0x0000000082000000, 0x0000000081f00000| Untracked 
|  32|0x0000000082000000, 0x0000000082100000, 0x0000000082100000|100%| O|  |TAMS 0x0000000082100000, 0x0000000082000000| Untracked 
|  33|0x0000000082100000, 0x0000000082200000, 0x0000000082200000|100%| O|  |TAMS 0x0000000082200000, 0x0000000082100000| Untracked 
|  34|0x0000000082200000, 0x0000000082300000, 0x0000000082300000|100%| O|  |TAMS 0x0000000082300000, 0x0000000082200000| Untracked 
|  35|0x0000000082300000, 0x0000000082400000, 0x0000000082400000|100%| O|  |TAMS 0x0000000082400000, 0x0000000082300000| Untracked 
|  36|0x0000000082400000, 0x0000000082500000, 0x0000000082500000|100%| O|  |TAMS 0x0000000082500000, 0x0000000082400000| Untracked 
|  37|0x0000000082500000, 0x0000000082600000, 0x0000000082600000|100%| O|  |TAMS 0x0000000082600000, 0x0000000082500000| Untracked 
|  38|0x0000000082600000, 0x0000000082700000, 0x0000000082700000|100%| O|  |TAMS 0x0000000082700000, 0x0000000082600000| Untracked 
|  39|0x0000000082700000, 0x0000000082800000, 0x0000000082800000|100%|HS|  |TAMS 0x0000000082800000, 0x0000000082700000| Complete 
|  40|0x0000000082800000, 0x0000000082900000, 0x0000000082900000|100%|HC|  |TAMS 0x0000000082900000, 0x0000000082800000| Complete 
|  41|0x0000000082900000, 0x0000000082a00000, 0x0000000082a00000|100%|HS|  |TAMS 0x0000000082a00000, 0x0000000082900000| Complete 
|  42|0x0000000082a00000, 0x0000000082b00000, 0x0000000082b00000|100%|HC|  |TAMS 0x0000000082b00000, 0x0000000082a00000| Complete 
|  43|0x0000000082b00000, 0x0000000082c00000, 0x0000000082c00000|100%| O|  |TAMS 0x0000000082c00000, 0x0000000082b00000| Untracked 
|  44|0x0000000082c00000, 0x0000000082d00000, 0x0000000082d00000|100%|HS|  |TAMS 0x0000000082d00000, 0x0000000082c00000| Complete 
|  45|0x0000000082d00000, 0x0000000082e00000, 0x0000000082e00000|100%|HC|  |TAMS 0x0000000082e00000, 0x0000000082d00000| Complete 
|  46|0x0000000082e00000, 0x0000000082f00000, 0x0000000082f00000|100%|HC|  |TAMS 0x0000000082f00000, 0x0000000082e00000| Complete 
|  47|0x0000000082f00000, 0x0000000083000000, 0x0000000083000000|100%|HC|  |TAMS 0x0000000083000000, 0x0000000082f00000| Complete 
|  48|0x0000000083000000, 0x0000000083100000, 0x0000000083100000|100%| O|  |TAMS 0x0000000083100000, 0x0000000083000000| Untracked 
|  49|0x0000000083100000, 0x0000000083200000, 0x0000000083200000|100%| O|  |TAMS 0x0000000083200000, 0x0000000083100000| Untracked 
|  50|0x0000000083200000, 0x0000000083300000, 0x0000000083300000|100%| O|  |TAMS 0x0000000083300000, 0x0000000083200000| Untracked 
|  51|0x0000000083300000, 0x0000000083400000, 0x0000000083400000|100%| O|  |TAMS 0x0000000083400000, 0x0000000083300000| Untracked 
|  52|0x0000000083400000, 0x0000000083500000, 0x0000000083500000|100%|HS|  |TAMS 0x0000000083500000, 0x0000000083400000| Complete 
|  53|0x0000000083500000, 0x0000000083600000, 0x0000000083600000|100%|HC|  |TAMS 0x0000000083600000, 0x0000000083500000| Complete 
|  54|0x0000000083600000, 0x0000000083700000, 0x0000000083700000|100%|HC|  |TAMS 0x0000000083700000, 0x0000000083600000| Complete 
|  55|0x0000000083700000, 0x0000000083800000, 0x0000000083800000|100%|HC|  |TAMS 0x0000000083800000, 0x0000000083700000| Complete 
|  56|0x0000000083800000, 0x0000000083900000, 0x0000000083900000|100%| O|  |TAMS 0x0000000083900000, 0x0000000083800000| Untracked 
|  57|0x0000000083900000, 0x0000000083a00000, 0x0000000083a00000|100%| O|  |TAMS 0x0000000083a00000, 0x0000000083900000| Untracked 
|  58|0x0000000083a00000, 0x0000000083b00000, 0x0000000083b00000|100%| O|  |TAMS 0x0000000083b00000, 0x0000000083a00000| Untracked 
|  59|0x0000000083b00000, 0x0000000083c00000, 0x0000000083c00000|100%| O|  |TAMS 0x0000000083c00000, 0x0000000083b00000| Untracked 
|  60|0x0000000083c00000, 0x0000000083d00000, 0x0000000083d00000|100%| O|  |TAMS 0x0000000083d00000, 0x0000000083c00000| Untracked 
|  61|0x0000000083d00000, 0x0000000083e00000, 0x0000000083e00000|100%| O|  |TAMS 0x0000000083e00000, 0x0000000083d00000| Untracked 
|  62|0x0000000083e00000, 0x0000000083f00000, 0x0000000083f00000|100%| O|  |TAMS 0x0000000083f00000, 0x0000000083e00000| Untracked 
|  63|0x0000000083f00000, 0x0000000084000000, 0x0000000084000000|100%| O|  |TAMS 0x0000000084000000, 0x0000000083f00000| Untracked 
|  64|0x0000000084000000, 0x0000000084100000, 0x0000000084100000|100%| O|  |TAMS 0x0000000084100000, 0x0000000084000000| Untracked 
|  65|0x0000000084100000, 0x0000000084200000, 0x0000000084200000|100%| O|  |TAMS 0x0000000084200000, 0x0000000084100000| Untracked 
|  66|0x0000000084200000, 0x0000000084300000, 0x0000000084300000|100%|HS|  |TAMS 0x0000000084200000, 0x0000000084200000| Complete 
|  67|0x0000000084300000, 0x0000000084400000, 0x0000000084400000|100%| O|  |TAMS 0x0000000084400000, 0x0000000084300000| Untracked 
|  68|0x0000000084400000, 0x0000000084500000, 0x0000000084500000|100%|HS|  |TAMS 0x0000000084500000, 0x0000000084400000| Complete 
|  69|0x0000000084500000, 0x0000000084600000, 0x0000000084600000|100%|HS|  |TAMS 0x0000000084600000, 0x0000000084500000| Complete 
|  70|0x0000000084600000, 0x0000000084700000, 0x0000000084700000|100%|HS|  |TAMS 0x0000000084700000, 0x0000000084600000| Complete 
|  71|0x0000000084700000, 0x0000000084800000, 0x0000000084800000|100%| O|  |TAMS 0x0000000084800000, 0x0000000084700000| Untracked 
|  72|0x0000000084800000, 0x0000000084900000, 0x0000000084900000|100%|HS|  |TAMS 0x0000000084900000, 0x0000000084800000| Complete 
|  73|0x0000000084900000, 0x0000000084a00000, 0x0000000084a00000|100%| O|  |TAMS 0x0000000084a00000, 0x0000000084900000| Untracked 
|  74|0x0000000084a00000, 0x0000000084b00000, 0x0000000084b00000|100%| O|  |TAMS 0x0000000084b00000, 0x0000000084a00000| Untracked 
|  75|0x0000000084b00000, 0x0000000084c00000, 0x0000000084c00000|100%| O|  |TAMS 0x0000000084c00000, 0x0000000084b00000| Untracked 
|  76|0x0000000084c00000, 0x0000000084d00000, 0x0000000084d00000|100%| O|  |TAMS 0x0000000084d00000, 0x0000000084c00000| Untracked 
|  77|0x0000000084d00000, 0x0000000084e00000, 0x0000000084e00000|100%| O|  |TAMS 0x0000000084e00000, 0x0000000084d00000| Untracked 
|  78|0x0000000084e00000, 0x0000000084f00000, 0x0000000084f00000|100%| O|  |TAMS 0x0000000084f00000, 0x0000000084e00000| Untracked 
|  79|0x0000000084f00000, 0x0000000085000000, 0x0000000085000000|100%| O|  |TAMS 0x0000000085000000, 0x0000000084f00000| Untracked 
|  80|0x0000000085000000, 0x0000000085100000, 0x0000000085100000|100%| O|  |TAMS 0x0000000085000000, 0x0000000085000000| Untracked 
|  81|0x0000000085100000, 0x0000000085200000, 0x0000000085200000|100%| O|  |TAMS 0x0000000085100000, 0x0000000085100000| Untracked 
|  82|0x0000000085200000, 0x0000000085300000, 0x0000000085300000|100%| O|  |TAMS 0x0000000085200000, 0x0000000085200000| Untracked 
|  83|0x0000000085300000, 0x0000000085400000, 0x0000000085400000|100%| O|  |TAMS 0x0000000085400000, 0x0000000085300000| Untracked 
|  84|0x0000000085400000, 0x0000000085500000, 0x0000000085500000|100%| O|  |TAMS 0x0000000085500000, 0x0000000085400000| Untracked 
|  85|0x0000000085500000, 0x0000000085600000, 0x0000000085600000|100%| O|  |TAMS 0x0000000085600000, 0x0000000085500000| Untracked 
|  86|0x0000000085600000, 0x0000000085700000, 0x0000000085700000|100%| O|  |TAMS 0x0000000085700000, 0x0000000085600000| Untracked 
|  87|0x0000000085700000, 0x0000000085800000, 0x0000000085800000|100%| O|  |TAMS 0x00000000857b7c00, 0x0000000085700000| Untracked 
|  88|0x0000000085800000, 0x0000000085900000, 0x0000000085900000|100%| O|  |TAMS 0x0000000085800000, 0x0000000085800000| Untracked 
|  89|0x0000000085900000, 0x0000000085a00000, 0x0000000085a00000|100%| O|  |TAMS 0x0000000085900000, 0x0000000085900000| Untracked 
|  90|0x0000000085a00000, 0x0000000085b00000, 0x0000000085b00000|100%| O|  |TAMS 0x0000000085a00000, 0x0000000085a00000| Untracked 
|  91|0x0000000085b00000, 0x0000000085c00000, 0x0000000085c00000|100%| O|  |TAMS 0x0000000085b00000, 0x0000000085b00000| Untracked 
|  92|0x0000000085c00000, 0x0000000085d00000, 0x0000000085d00000|100%|HS|  |TAMS 0x0000000085c00000, 0x0000000085c00000| Complete 
|  93|0x0000000085d00000, 0x0000000085e00000, 0x0000000085e00000|100%|HS|  |TAMS 0x0000000085d00000, 0x0000000085d00000| Complete 
|  94|0x0000000085e00000, 0x0000000085f00000, 0x0000000085f00000|100%|HC|  |TAMS 0x0000000085e00000, 0x0000000085e00000| Complete 
|  95|0x0000000085f00000, 0x0000000086000000, 0x0000000086000000|100%| O|  |TAMS 0x0000000085f00000, 0x0000000085f00000| Untracked 
|  96|0x0000000086000000, 0x0000000086100000, 0x0000000086100000|100%| O|  |TAMS 0x0000000086000000, 0x0000000086000000| Untracked 
|  97|0x0000000086100000, 0x0000000086200000, 0x0000000086200000|100%| O|  |TAMS 0x0000000086100000, 0x0000000086100000| Untracked 
|  98|0x0000000086200000, 0x0000000086300000, 0x0000000086300000|100%| O|  |TAMS 0x0000000086200000, 0x0000000086200000| Untracked 
|  99|0x0000000086300000, 0x0000000086400000, 0x0000000086400000|100%| O|  |TAMS 0x0000000086300000, 0x0000000086300000| Untracked 
| 100|0x0000000086400000, 0x0000000086500000, 0x0000000086500000|100%| O|  |TAMS 0x0000000086400000, 0x0000000086400000| Untracked 
| 101|0x0000000086500000, 0x0000000086600000, 0x0000000086600000|100%| O|  |TAMS 0x0000000086500000, 0x0000000086500000| Untracked 
| 102|0x0000000086600000, 0x0000000086700000, 0x0000000086700000|100%| O|  |TAMS 0x0000000086600000, 0x0000000086600000| Untracked 
| 103|0x0000000086700000, 0x0000000086800000, 0x0000000086800000|100%|HS|  |TAMS 0x0000000086700000, 0x0000000086700000| Complete 
| 104|0x0000000086800000, 0x0000000086900000, 0x0000000086900000|100%|HS|  |TAMS 0x0000000086800000, 0x0000000086800000| Complete 
| 105|0x0000000086900000, 0x0000000086a00000, 0x0000000086a00000|100%| O|  |TAMS 0x0000000086900000, 0x0000000086900000| Untracked 
| 106|0x0000000086a00000, 0x0000000086b00000, 0x0000000086b00000|100%|HS|  |TAMS 0x0000000086a00000, 0x0000000086a00000| Complete 
| 107|0x0000000086b00000, 0x0000000086c00000, 0x0000000086c00000|100%|HS|  |TAMS 0x0000000086b00000, 0x0000000086b00000| Complete 
| 108|0x0000000086c00000, 0x0000000086d00000, 0x0000000086d00000|100%|HS|  |TAMS 0x0000000086c00000, 0x0000000086c00000| Complete 
| 109|0x0000000086d00000, 0x0000000086e00000, 0x0000000086e00000|100%| O|  |TAMS 0x0000000086d00000, 0x0000000086d00000| Untracked 
| 110|0x0000000086e00000, 0x0000000086f00000, 0x0000000086f00000|100%| O|  |TAMS 0x0000000086e00000, 0x0000000086e00000| Untracked 
| 111|0x0000000086f00000, 0x0000000087000000, 0x0000000087000000|100%| O|  |TAMS 0x0000000086f00000, 0x0000000086f00000| Untracked 
| 112|0x0000000087000000, 0x0000000087100000, 0x0000000087100000|100%| O|  |TAMS 0x0000000087000000, 0x0000000087000000| Untracked 
| 113|0x0000000087100000, 0x0000000087200000, 0x0000000087200000|100%| O|  |TAMS 0x0000000087100000, 0x0000000087100000| Untracked 
| 114|0x0000000087200000, 0x0000000087300000, 0x0000000087300000|100%| O|  |TAMS 0x0000000087200000, 0x0000000087200000| Untracked 
| 115|0x0000000087300000, 0x0000000087400000, 0x0000000087400000|100%| O|  |TAMS 0x0000000087300000, 0x0000000087300000| Untracked 
| 116|0x0000000087400000, 0x0000000087500000, 0x0000000087500000|100%| O|  |TAMS 0x0000000087400000, 0x0000000087400000| Untracked 
| 117|0x0000000087500000, 0x0000000087600000, 0x0000000087600000|100%| O|  |TAMS 0x0000000087500000, 0x0000000087500000| Untracked 
| 118|0x0000000087600000, 0x0000000087700000, 0x0000000087700000|100%| O|  |TAMS 0x0000000087600000, 0x0000000087600000| Untracked 
| 119|0x0000000087700000, 0x0000000087800000, 0x0000000087800000|100%| O|  |TAMS 0x0000000087700000, 0x0000000087700000| Untracked 
| 120|0x0000000087800000, 0x0000000087900000, 0x0000000087900000|100%| O|  |TAMS 0x0000000087800000, 0x0000000087800000| Untracked 
| 121|0x0000000087900000, 0x0000000087a00000, 0x0000000087a00000|100%| O|  |TAMS 0x0000000087900000, 0x0000000087900000| Untracked 
| 122|0x0000000087a00000, 0x0000000087b00000, 0x0000000087b00000|100%| O|  |TAMS 0x0000000087a00000, 0x0000000087a00000| Untracked 
| 123|0x0000000087b00000, 0x0000000087c00000, 0x0000000087c00000|100%| O|  |TAMS 0x0000000087b00000, 0x0000000087b00000| Untracked 
| 124|0x0000000087c00000, 0x0000000087d00000, 0x0000000087d00000|100%| O|  |TAMS 0x0000000087c00000, 0x0000000087c00000| Untracked 
| 125|0x0000000087d00000, 0x0000000087e00000, 0x0000000087e00000|100%| O|  |TAMS 0x0000000087d00000, 0x0000000087d00000| Untracked 
| 126|0x0000000087e00000, 0x0000000087f00000, 0x0000000087f00000|100%| O|  |TAMS 0x0000000087e00000, 0x0000000087e00000| Untracked 
| 127|0x0000000087f00000, 0x0000000088000000, 0x0000000088000000|100%| O|  |TAMS 0x0000000087f00000, 0x0000000087f00000| Untracked 
| 128|0x0000000088000000, 0x0000000088100000, 0x0000000088100000|100%| O|  |TAMS 0x0000000088000000, 0x0000000088000000| Untracked 
| 129|0x0000000088100000, 0x0000000088200000, 0x0000000088200000|100%| O|  |TAMS 0x0000000088100000, 0x0000000088100000| Untracked 
| 130|0x0000000088200000, 0x0000000088300000, 0x0000000088300000|100%| O|  |TAMS 0x0000000088200000, 0x0000000088200000| Untracked 
| 131|0x0000000088300000, 0x0000000088400000, 0x0000000088400000|100%| O|  |TAMS 0x0000000088300000, 0x0000000088300000| Untracked 
| 132|0x0000000088400000, 0x0000000088500000, 0x0000000088500000|100%| O|  |TAMS 0x0000000088400000, 0x0000000088400000| Untracked 
| 133|0x0000000088500000, 0x0000000088600000, 0x0000000088600000|100%| O|  |TAMS 0x0000000088500000, 0x0000000088500000| Untracked 
| 134|0x0000000088600000, 0x0000000088700000, 0x0000000088700000|100%| O|  |TAMS 0x0000000088600000, 0x0000000088600000| Untracked 
| 135|0x0000000088700000, 0x0000000088800000, 0x0000000088800000|100%| O|  |TAMS 0x0000000088700000, 0x0000000088700000| Untracked 
| 136|0x0000000088800000, 0x0000000088900000, 0x0000000088900000|100%| O|  |TAMS 0x0000000088800000, 0x0000000088800000| Untracked 
| 137|0x0000000088900000, 0x0000000088a00000, 0x0000000088a00000|100%| O|  |TAMS 0x0000000088900000, 0x0000000088900000| Untracked 
| 138|0x0000000088a00000, 0x0000000088b00000, 0x0000000088b00000|100%| O|  |TAMS 0x0000000088a00000, 0x0000000088a00000| Untracked 
| 139|0x0000000088b00000, 0x0000000088c00000, 0x0000000088c00000|100%| O|  |TAMS 0x0000000088b00000, 0x0000000088b00000| Untracked 
| 140|0x0000000088c00000, 0x0000000088d00000, 0x0000000088d00000|100%| O|  |TAMS 0x0000000088c00000, 0x0000000088c00000| Untracked 
| 141|0x0000000088d00000, 0x0000000088e00000, 0x0000000088e00000|100%| O|  |TAMS 0x0000000088d00000, 0x0000000088d00000| Untracked 
| 142|0x0000000088e00000, 0x0000000088f00000, 0x0000000088f00000|100%| O|  |TAMS 0x0000000088e00000, 0x0000000088e00000| Untracked 
| 143|0x0000000088f00000, 0x0000000089000000, 0x0000000089000000|100%| O|  |TAMS 0x0000000088f00000, 0x0000000088f00000| Untracked 
| 144|0x0000000089000000, 0x0000000089100000, 0x0000000089100000|100%| O|  |TAMS 0x0000000089000000, 0x0000000089000000| Untracked 
| 145|0x0000000089100000, 0x0000000089200000, 0x0000000089200000|100%| O|  |TAMS 0x0000000089100000, 0x0000000089100000| Untracked 
| 146|0x0000000089200000, 0x0000000089300000, 0x0000000089300000|100%| O|  |TAMS 0x0000000089200000, 0x0000000089200000| Untracked 
| 147|0x0000000089300000, 0x0000000089400000, 0x0000000089400000|100%| O|  |TAMS 0x0000000089300000, 0x0000000089300000| Untracked 
| 148|0x0000000089400000, 0x0000000089500000, 0x0000000089500000|100%| O|  |TAMS 0x0000000089400000, 0x0000000089400000| Untracked 
| 149|0x0000000089500000, 0x0000000089600000, 0x0000000089600000|100%| O|  |TAMS 0x0000000089500000, 0x0000000089500000| Untracked 
| 150|0x0000000089600000, 0x0000000089700000, 0x0000000089700000|100%| O|  |TAMS 0x0000000089600000, 0x0000000089600000| Untracked 
| 151|0x0000000089700000, 0x0000000089800000, 0x0000000089800000|100%| O|  |TAMS 0x0000000089700000, 0x0000000089700000| Untracked 
| 152|0x0000000089800000, 0x0000000089900000, 0x0000000089900000|100%| O|  |TAMS 0x0000000089800000, 0x0000000089800000| Untracked 
| 153|0x0000000089900000, 0x0000000089a00000, 0x0000000089a00000|100%| O|  |TAMS 0x0000000089900000, 0x0000000089900000| Untracked 
| 154|0x0000000089a00000, 0x0000000089b00000, 0x0000000089b00000|100%| O|  |TAMS 0x0000000089a00000, 0x0000000089a00000| Untracked 
| 155|0x0000000089b00000, 0x0000000089c00000, 0x0000000089c00000|100%| O|  |TAMS 0x0000000089b00000, 0x0000000089b00000| Untracked 
| 156|0x0000000089c00000, 0x0000000089d00000, 0x0000000089d00000|100%| O|  |TAMS 0x0000000089c00000, 0x0000000089c00000| Untracked 
| 157|0x0000000089d00000, 0x0000000089e00000, 0x0000000089e00000|100%| O|  |TAMS 0x0000000089d00000, 0x0000000089d00000| Untracked 
| 158|0x0000000089e00000, 0x0000000089f00000, 0x0000000089f00000|100%| O|  |TAMS 0x0000000089e00000, 0x0000000089e00000| Untracked 
| 159|0x0000000089f00000, 0x000000008a000000, 0x000000008a000000|100%| O|  |TAMS 0x0000000089f00000, 0x0000000089f00000| Untracked 
| 160|0x000000008a000000, 0x000000008a100000, 0x000000008a100000|100%| O|  |TAMS 0x000000008a000000, 0x000000008a000000| Untracked 
| 161|0x000000008a100000, 0x000000008a200000, 0x000000008a200000|100%| O|  |TAMS 0x000000008a100000, 0x000000008a100000| Untracked 
| 162|0x000000008a200000, 0x000000008a300000, 0x000000008a300000|100%| O|  |TAMS 0x000000008a200000, 0x000000008a200000| Untracked 
| 163|0x000000008a300000, 0x000000008a3af600, 0x000000008a400000| 68%| O|  |TAMS 0x000000008a300000, 0x000000008a300000| Untracked 
| 164|0x000000008a400000, 0x000000008a400000, 0x000000008a500000|  0%| F|  |TAMS 0x000000008a400000, 0x000000008a400000| Untracked 
| 165|0x000000008a500000, 0x000000008a500000, 0x000000008a600000|  0%| F|  |TAMS 0x000000008a500000, 0x000000008a500000| Untracked 
| 166|0x000000008a600000, 0x000000008a600000, 0x000000008a700000|  0%| F|  |TAMS 0x000000008a600000, 0x000000008a600000| Untracked 
| 167|0x000000008a700000, 0x000000008a700000, 0x000000008a800000|  0%| F|  |TAMS 0x000000008a700000, 0x000000008a700000| Untracked 
| 168|0x000000008a800000, 0x000000008a800000, 0x000000008a900000|  0%| F|  |TAMS 0x000000008a800000, 0x000000008a800000| Untracked 
| 169|0x000000008a900000, 0x000000008a900000, 0x000000008aa00000|  0%| F|  |TAMS 0x000000008a900000, 0x000000008a900000| Untracked 
| 170|0x000000008aa00000, 0x000000008aa00000, 0x000000008ab00000|  0%| F|  |TAMS 0x000000008aa00000, 0x000000008aa00000| Untracked 
| 171|0x000000008ab00000, 0x000000008ab00000, 0x000000008ac00000|  0%| F|  |TAMS 0x000000008ab00000, 0x000000008ab00000| Untracked 
| 172|0x000000008ac00000, 0x000000008ac00000, 0x000000008ad00000|  0%| F|  |TAMS 0x000000008ac00000, 0x000000008ac00000| Untracked 
| 173|0x000000008ad00000, 0x000000008ad00000, 0x000000008ae00000|  0%| F|  |TAMS 0x000000008ad00000, 0x000000008ad00000| Untracked 
| 174|0x000000008ae00000, 0x000000008ae00000, 0x000000008af00000|  0%| F|  |TAMS 0x000000008ae00000, 0x000000008ae00000| Untracked 
| 175|0x000000008af00000, 0x000000008af00000, 0x000000008b000000|  0%| F|  |TAMS 0x000000008af00000, 0x000000008af00000| Untracked 
| 176|0x000000008b000000, 0x000000008b000000, 0x000000008b100000|  0%| F|  |TAMS 0x000000008b000000, 0x000000008b000000| Untracked 
| 177|0x000000008b100000, 0x000000008b100000, 0x000000008b200000|  0%| F|  |TAMS 0x000000008b100000, 0x000000008b100000| Untracked 
| 178|0x000000008b200000, 0x000000008b200000, 0x000000008b300000|  0%| F|  |TAMS 0x000000008b200000, 0x000000008b200000| Untracked 
| 179|0x000000008b300000, 0x000000008b300000, 0x000000008b400000|  0%| F|  |TAMS 0x000000008b300000, 0x000000008b300000| Untracked 
| 180|0x000000008b400000, 0x000000008b400000, 0x000000008b500000|  0%| F|  |TAMS 0x000000008b400000, 0x000000008b400000| Untracked 
| 181|0x000000008b500000, 0x000000008b500000, 0x000000008b600000|  0%| F|  |TAMS 0x000000008b500000, 0x000000008b500000| Untracked 
| 182|0x000000008b600000, 0x000000008b600000, 0x000000008b700000|  0%| F|  |TAMS 0x000000008b600000, 0x000000008b600000| Untracked 
| 183|0x000000008b700000, 0x000000008b700000, 0x000000008b800000|  0%| F|  |TAMS 0x000000008b700000, 0x000000008b700000| Untracked 
| 184|0x000000008b800000, 0x000000008b800000, 0x000000008b900000|  0%| F|  |TAMS 0x000000008b800000, 0x000000008b800000| Untracked 
| 185|0x000000008b900000, 0x000000008b900000, 0x000000008ba00000|  0%| F|  |TAMS 0x000000008b900000, 0x000000008b900000| Untracked 
| 186|0x000000008ba00000, 0x000000008ba00000, 0x000000008bb00000|  0%| F|  |TAMS 0x000000008ba00000, 0x000000008ba00000| Untracked 
| 187|0x000000008bb00000, 0x000000008bb00000, 0x000000008bc00000|  0%| F|  |TAMS 0x000000008bb00000, 0x000000008bb00000| Untracked 
| 188|0x000000008bc00000, 0x000000008bc00000, 0x000000008bd00000|  0%| F|  |TAMS 0x000000008bc00000, 0x000000008bc00000| Untracked 
| 189|0x000000008bd00000, 0x000000008bd00000, 0x000000008be00000|  0%| F|  |TAMS 0x000000008bd00000, 0x000000008bd00000| Untracked 
| 190|0x000000008be00000, 0x000000008be00000, 0x000000008bf00000|  0%| F|  |TAMS 0x000000008be00000, 0x000000008be00000| Untracked 
| 191|0x000000008bf00000, 0x000000008bf00000, 0x000000008c000000|  0%| F|  |TAMS 0x000000008bf00000, 0x000000008bf00000| Untracked 
| 192|0x000000008c000000, 0x000000008c000000, 0x000000008c100000|  0%| F|  |TAMS 0x000000008c000000, 0x000000008c000000| Untracked 
| 193|0x000000008c100000, 0x000000008c100000, 0x000000008c200000|  0%| F|  |TAMS 0x000000008c100000, 0x000000008c100000| Untracked 
| 194|0x000000008c200000, 0x000000008c200000, 0x000000008c300000|  0%| F|  |TAMS 0x000000008c200000, 0x000000008c200000| Untracked 
| 195|0x000000008c300000, 0x000000008c300000, 0x000000008c400000|  0%| F|  |TAMS 0x000000008c300000, 0x000000008c300000| Untracked 
| 196|0x000000008c400000, 0x000000008c400000, 0x000000008c500000|  0%| F|  |TAMS 0x000000008c400000, 0x000000008c400000| Untracked 
| 197|0x000000008c500000, 0x000000008c500000, 0x000000008c600000|  0%| F|  |TAMS 0x000000008c500000, 0x000000008c500000| Untracked 
| 198|0x000000008c600000, 0x000000008c600000, 0x000000008c700000|  0%| F|  |TAMS 0x000000008c600000, 0x000000008c600000| Untracked 
| 199|0x000000008c700000, 0x000000008c700000, 0x000000008c800000|  0%| F|  |TAMS 0x000000008c700000, 0x000000008c700000| Untracked 
| 200|0x000000008c800000, 0x000000008c800000, 0x000000008c900000|  0%| F|  |TAMS 0x000000008c800000, 0x000000008c800000| Untracked 
| 201|0x000000008c900000, 0x000000008c900000, 0x000000008ca00000|  0%| F|  |TAMS 0x000000008c900000, 0x000000008c900000| Untracked 
| 202|0x000000008ca00000, 0x000000008ca00000, 0x000000008cb00000|  0%| F|  |TAMS 0x000000008ca00000, 0x000000008ca00000| Untracked 
| 203|0x000000008cb00000, 0x000000008cb00000, 0x000000008cc00000|  0%| F|  |TAMS 0x000000008cb00000, 0x000000008cb00000| Untracked 
| 204|0x000000008cc00000, 0x000000008cc00000, 0x000000008cd00000|  0%| F|  |TAMS 0x000000008cc00000, 0x000000008cc00000| Untracked 
| 205|0x000000008cd00000, 0x000000008cd00000, 0x000000008ce00000|  0%| F|  |TAMS 0x000000008cd00000, 0x000000008cd00000| Untracked 
| 206|0x000000008ce00000, 0x000000008ce00000, 0x000000008cf00000|  0%| F|  |TAMS 0x000000008ce00000, 0x000000008ce00000| Untracked 
| 207|0x000000008cf00000, 0x000000008cf80af0, 0x000000008d000000| 50%| S|CS|TAMS 0x000000008cf00000, 0x000000008cf00000| Complete 
| 208|0x000000008d000000, 0x000000008d000000, 0x000000008d100000|  0%| F|  |TAMS 0x000000008d000000, 0x000000008d000000| Untracked 
| 209|0x000000008d100000, 0x000000008d100000, 0x000000008d200000|  0%| F|  |TAMS 0x000000008d100000, 0x000000008d100000| Untracked 
| 210|0x000000008d200000, 0x000000008d200000, 0x000000008d300000|  0%| F|  |TAMS 0x000000008d200000, 0x000000008d200000| Untracked 
| 211|0x000000008d300000, 0x000000008d300000, 0x000000008d400000|  0%| F|  |TAMS 0x000000008d300000, 0x000000008d300000| Untracked 
| 212|0x000000008d400000, 0x000000008d500000, 0x000000008d500000|100%| S|CS|TAMS 0x000000008d400000, 0x000000008d400000| Complete 
| 213|0x000000008d500000, 0x000000008d600000, 0x000000008d600000|100%| S|CS|TAMS 0x000000008d500000, 0x000000008d500000| Complete 
| 214|0x000000008d600000, 0x000000008d700000, 0x000000008d700000|100%| S|CS|TAMS 0x000000008d600000, 0x000000008d600000| Complete 
| 215|0x000000008d700000, 0x000000008d800000, 0x000000008d800000|100%| S|CS|TAMS 0x000000008d700000, 0x000000008d700000| Complete 
| 216|0x000000008d800000, 0x000000008d800000, 0x000000008d900000|  0%| F|  |TAMS 0x000000008d800000, 0x000000008d800000| Untracked 
| 217|0x000000008d900000, 0x000000008d900000, 0x000000008da00000|  0%| F|  |TAMS 0x000000008d900000, 0x000000008d900000| Untracked 
| 218|0x000000008da00000, 0x000000008da00000, 0x000000008db00000|  0%| F|  |TAMS 0x000000008da00000, 0x000000008da00000| Untracked 
| 219|0x000000008db00000, 0x000000008db00000, 0x000000008dc00000|  0%| F|  |TAMS 0x000000008db00000, 0x000000008db00000| Untracked 
| 220|0x000000008dc00000, 0x000000008dc00000, 0x000000008dd00000|  0%| F|  |TAMS 0x000000008dc00000, 0x000000008dc00000| Untracked 
| 221|0x000000008dd00000, 0x000000008dd00000, 0x000000008de00000|  0%| F|  |TAMS 0x000000008dd00000, 0x000000008dd00000| Untracked 
| 222|0x000000008de00000, 0x000000008de00000, 0x000000008df00000|  0%| F|  |TAMS 0x000000008de00000, 0x000000008de00000| Untracked 
| 223|0x000000008df00000, 0x000000008df00000, 0x000000008e000000|  0%| F|  |TAMS 0x000000008df00000, 0x000000008df00000| Untracked 
| 224|0x000000008e000000, 0x000000008e000000, 0x000000008e100000|  0%| F|  |TAMS 0x000000008e000000, 0x000000008e000000| Untracked 
| 225|0x000000008e100000, 0x000000008e1e1658, 0x000000008e200000| 88%| E|  |TAMS 0x000000008e100000, 0x000000008e100000| Complete 
| 226|0x000000008e200000, 0x000000008e300000, 0x000000008e300000|100%| E|CS|TAMS 0x000000008e200000, 0x000000008e200000| Complete 
| 227|0x000000008e300000, 0x000000008e400000, 0x000000008e400000|100%| E|CS|TAMS 0x000000008e300000, 0x000000008e300000| Complete 
| 228|0x000000008e400000, 0x000000008e500000, 0x000000008e500000|100%| E|CS|TAMS 0x000000008e400000, 0x000000008e400000| Complete 
| 229|0x000000008e500000, 0x000000008e600000, 0x000000008e600000|100%| E|CS|TAMS 0x000000008e500000, 0x000000008e500000| Complete 
| 230|0x000000008e600000, 0x000000008e700000, 0x000000008e700000|100%| E|CS|TAMS 0x000000008e600000, 0x000000008e600000| Complete 
| 231|0x000000008e700000, 0x000000008e800000, 0x000000008e800000|100%| E|CS|TAMS 0x000000008e700000, 0x000000008e700000| Complete 
| 232|0x000000008e800000, 0x000000008e900000, 0x000000008e900000|100%| E|CS|TAMS 0x000000008e800000, 0x000000008e800000| Complete 
| 233|0x000000008e900000, 0x000000008ea00000, 0x000000008ea00000|100%| E|CS|TAMS 0x000000008e900000, 0x000000008e900000| Complete 
| 234|0x000000008ea00000, 0x000000008eb00000, 0x000000008eb00000|100%| E|CS|TAMS 0x000000008ea00000, 0x000000008ea00000| Complete 
| 235|0x000000008eb00000, 0x000000008ec00000, 0x000000008ec00000|100%| E|CS|TAMS 0x000000008eb00000, 0x000000008eb00000| Complete 
| 236|0x000000008ec00000, 0x000000008ed00000, 0x000000008ed00000|100%| E|CS|TAMS 0x000000008ec00000, 0x000000008ec00000| Complete 
| 237|0x000000008ed00000, 0x000000008ee00000, 0x000000008ee00000|100%| E|CS|TAMS 0x000000008ed00000, 0x000000008ed00000| Complete 
| 238|0x000000008ee00000, 0x000000008ef00000, 0x000000008ef00000|100%| E|CS|TAMS 0x000000008ee00000, 0x000000008ee00000| Complete 
| 239|0x000000008ef00000, 0x000000008f000000, 0x000000008f000000|100%| E|CS|TAMS 0x000000008ef00000, 0x000000008ef00000| Complete 
| 240|0x000000008f000000, 0x000000008f100000, 0x000000008f100000|100%| E|CS|TAMS 0x000000008f000000, 0x000000008f000000| Complete 
| 241|0x000000008f100000, 0x000000008f200000, 0x000000008f200000|100%| E|CS|TAMS 0x000000008f100000, 0x000000008f100000| Complete 
| 242|0x000000008f200000, 0x000000008f300000, 0x000000008f300000|100%| E|CS|TAMS 0x000000008f200000, 0x000000008f200000| Complete 
| 243|0x000000008f300000, 0x000000008f400000, 0x000000008f400000|100%| E|CS|TAMS 0x000000008f300000, 0x000000008f300000| Complete 
| 244|0x000000008f400000, 0x000000008f500000, 0x000000008f500000|100%| E|CS|TAMS 0x000000008f400000, 0x000000008f400000| Complete 
| 245|0x000000008f500000, 0x000000008f600000, 0x000000008f600000|100%| E|  |TAMS 0x000000008f500000, 0x000000008f500000| Complete 
| 246|0x000000008f600000, 0x000000008f700000, 0x000000008f700000|100%| E|CS|TAMS 0x000000008f600000, 0x000000008f600000| Complete 
| 247|0x000000008f700000, 0x000000008f800000, 0x000000008f800000|100%| E|CS|TAMS 0x000000008f700000, 0x000000008f700000| Complete 
| 248|0x000000008f800000, 0x000000008f900000, 0x000000008f900000|100%| E|CS|TAMS 0x000000008f800000, 0x000000008f800000| Complete 
| 249|0x000000008f900000, 0x000000008fa00000, 0x000000008fa00000|100%| E|CS|TAMS 0x000000008f900000, 0x000000008f900000| Complete 
| 250|0x000000008fa00000, 0x000000008fb00000, 0x000000008fb00000|100%| E|CS|TAMS 0x000000008fa00000, 0x000000008fa00000| Complete 
| 251|0x000000008fb00000, 0x000000008fc00000, 0x000000008fc00000|100%| E|CS|TAMS 0x000000008fb00000, 0x000000008fb00000| Complete 
| 252|0x000000008fc00000, 0x000000008fd00000, 0x000000008fd00000|100%| E|CS|TAMS 0x000000008fc00000, 0x000000008fc00000| Complete 
| 253|0x000000008fd00000, 0x000000008fe00000, 0x000000008fe00000|100%| E|CS|TAMS 0x000000008fd00000, 0x000000008fd00000| Complete 
| 254|0x000000008fe00000, 0x000000008ff00000, 0x000000008ff00000|100%| E|CS|TAMS 0x000000008fe00000, 0x000000008fe00000| Complete 
| 255|0x000000008ff00000, 0x0000000090000000, 0x0000000090000000|100%| E|CS|TAMS 0x000000008ff00000, 0x000000008ff00000| Complete 
| 256|0x0000000090000000, 0x0000000090100000, 0x0000000090100000|100%| E|CS|TAMS 0x0000000090000000, 0x0000000090000000| Complete 
| 257|0x0000000090100000, 0x0000000090200000, 0x0000000090200000|100%| E|CS|TAMS 0x0000000090100000, 0x0000000090100000| Complete 
| 258|0x0000000090200000, 0x0000000090300000, 0x0000000090300000|100%| E|CS|TAMS 0x0000000090200000, 0x0000000090200000| Complete 
| 259|0x0000000090300000, 0x0000000090400000, 0x0000000090400000|100%| E|CS|TAMS 0x0000000090300000, 0x0000000090300000| Complete 
| 266|0x0000000090a00000, 0x0000000090b00000, 0x0000000090b00000|100%| E|CS|TAMS 0x0000000090a00000, 0x0000000090a00000| Complete 
| 267|0x0000000090b00000, 0x0000000090c00000, 0x0000000090c00000|100%| E|CS|TAMS 0x0000000090b00000, 0x0000000090b00000| Complete 
| 268|0x0000000090c00000, 0x0000000090d00000, 0x0000000090d00000|100%| E|CS|TAMS 0x0000000090c00000, 0x0000000090c00000| Complete 
| 269|0x0000000090d00000, 0x0000000090e00000, 0x0000000090e00000|100%| E|CS|TAMS 0x0000000090d00000, 0x0000000090d00000| Complete 
| 270|0x0000000090e00000, 0x0000000090f00000, 0x0000000090f00000|100%| E|CS|TAMS 0x0000000090e00000, 0x0000000090e00000| Complete 
| 271|0x0000000090f00000, 0x0000000091000000, 0x0000000091000000|100%| E|CS|TAMS 0x0000000090f00000, 0x0000000090f00000| Complete 
| 272|0x0000000091000000, 0x0000000091100000, 0x0000000091100000|100%| E|CS|TAMS 0x0000000091000000, 0x0000000091000000| Complete 
| 273|0x0000000091100000, 0x0000000091200000, 0x0000000091200000|100%| E|CS|TAMS 0x0000000091100000, 0x0000000091100000| Complete 
| 274|0x0000000091200000, 0x0000000091300000, 0x0000000091300000|100%| E|CS|TAMS 0x0000000091200000, 0x0000000091200000| Complete 
| 275|0x0000000091300000, 0x0000000091400000, 0x0000000091400000|100%| E|CS|TAMS 0x0000000091300000, 0x0000000091300000| Complete 
| 276|0x0000000091400000, 0x0000000091500000, 0x0000000091500000|100%| E|CS|TAMS 0x0000000091400000, 0x0000000091400000| Complete 
| 277|0x0000000091500000, 0x0000000091600000, 0x0000000091600000|100%| E|CS|TAMS 0x0000000091500000, 0x0000000091500000| Complete 
| 381|0x0000000097d00000, 0x0000000097e00000, 0x0000000097e00000|100%| E|CS|TAMS 0x0000000097d00000, 0x0000000097d00000| Complete 

Card table byte_map: [0x00000240b7ed0000,0x00000240b82d0000] _byte_map_base: 0x00000240b7ad0000

Marking Bits (Prev, Next): (CMBitMap*) 0x000002409f219b60, (CMBitMap*) 0x000002409f219b20
 Prev Bits: [0x00000240ba6d0000, 0x00000240bc6d0000)
 Next Bits: [0x00000240b86d0000, 0x00000240ba6d0000)

Polling page: 0x000002409f280000

Metaspace:

Usage:
  Non-class:     87.78 MB used.
      Class:     14.11 MB used.
       Both:    101.89 MB used.

Virtual space:
  Non-class space:      128.00 MB reserved,      88.38 MB ( 69%) committed,  2 nodes.
      Class space:      416.00 MB reserved,      14.62 MB (  4%) committed,  1 nodes.
             Both:      544.00 MB reserved,     103.00 MB ( 19%) committed. 

Chunk freelists:
   Non-Class:  7.36 MB
       Class:  1.23 MB
        Both:  8.59 MB

MaxMetaspaceSize: 512.00 MB
CompressedClassSpaceSize: 416.00 MB
Initial GC threshold: 21.00 MB
Current GC threshold: 132.00 MB
CDS: on
MetaspaceReclaimPolicy: balanced
 - commit_granule_bytes: 65536.
 - commit_granule_words: 8192.
 - virtual_space_node_default_size: 8388608.
 - enlarge_chunks_in_place: 1.
 - new_chunks_are_fully_committed: 0.
 - uncommit_free_chunks: 1.
 - use_allocation_guard: 0.
 - handle_deallocations: 1.


Internal statistics:

num_allocs_failed_limit: 6.
num_arena_births: 1322.
num_arena_deaths: 0.
num_vsnodes_births: 3.
num_vsnodes_deaths: 0.
num_space_committed: 1648.
num_space_uncommitted: 0.
num_chunks_returned_to_freelist: 6.
num_chunks_taken_from_freelist: 5797.
num_chunk_merges: 6.
num_chunk_splits: 3721.
num_chunks_enlarged: 2340.
num_inconsistent_stats: 0.

CodeHeap 'non-profiled nmethods': size=120000Kb used=9473Kb max_used=9473Kb free=110526Kb
 bounds [0x00000240aff80000, 0x00000240b08d0000, 0x00000240b74b0000]
CodeHeap 'profiled nmethods': size=120000Kb used=26139Kb max_used=26139Kb free=93860Kb
 bounds [0x00000240a84b0000, 0x00000240a9e40000, 0x00000240af9e0000]
CodeHeap 'non-nmethods': size=5760Kb used=2433Kb max_used=2568Kb free=3326Kb
 bounds [0x00000240af9e0000, 0x00000240afc90000, 0x00000240aff80000]
 total_blobs=14296 nmethods=13321 adapters=887
 compilation: enabled
              stopped_count=0, restarted_count=0
 full_count=0

Compilation events (20 events):
Event: 80.273 Thread 0x00000240da0358a0 nmethod 15415 0x00000240b08aec90 code [0x00000240b08af320, 0x00000240b08b8210]
Event: 80.273 Thread 0x00000240da2c0c80 nmethod 15146 0x00000240b08bb890 code [0x00000240b08bba20, 0x00000240b08bbc18]
Event: 80.274 Thread 0x00000240da2c0c80 15252       4       org.gradle.internal.component.model.ComponentConfigurationIdentifier::hashCode (16 bytes)
Event: 80.274 Thread 0x00000240da0358a0 15492       4       java.util.stream.ReduceOps$5ReducingSink::begin (9 bytes)
Event: 80.274 Thread 0x00000240da0358a0 nmethod 15492 0x00000240b08bbe10 code [0x00000240b08bbf80, 0x00000240b08bbff8]
Event: 80.274 Thread 0x00000240da0358a0 15284       4       org.gradle.api.internal.file.FileCollectionStructureVisitor::prepareForVisit (4 bytes)
Event: 80.274 Thread 0x00000240da0358a0 nmethod 15284 0x00000240b08bc110 code [0x00000240b08bc280, 0x00000240b08bc2f8]
Event: 80.274 Thread 0x00000240da0358a0 15285       4       org.gradle.api.internal.artifacts.ivyservice.resolveengine.artifact.EndCollection::startFinalization (1 bytes)
Event: 80.275 Thread 0x00000240da0358a0 nmethod 15285 0x00000240b08bc410 code [0x00000240b08bc580, 0x00000240b08bc5f8]
Event: 80.275 Thread 0x00000240da0358a0 15461       4       org.gradle.execution.plan.DefaultFinalizedExecutionPlan::tryLockProjectFor (32 bytes)
Event: 80.278 Thread 0x00000240da0358a0 nmethod 15461 0x00000240b08bc710 code [0x00000240b08bc8e0, 0x00000240b08bcb98]
Event: 80.278 Thread 0x00000240da0358a0 15467       4       com.google.common.collect.ImmutableSortedMap::of (4 bytes)
Event: 80.279 Thread 0x00000240da0358a0 nmethod 15467 0x00000240b08bcf10 code [0x00000240b08bd080, 0x00000240b08bd0d8]
Event: 80.301 Thread 0x00000240da2c0c80 nmethod 15252 0x00000240b08bd210 code [0x00000240b08bd3c0, 0x00000240b08bdd18]
Event: 80.304 Thread 0x00000240da0358a0 15530       4       org.gradle.internal.time.DefaultCountdownTimer::hasExpired (15 bytes)
Event: 80.306 Thread 0x00000240da2c0c80 15531       4       org.gradle.cache.internal.ExclusiveCacheAccessingWorker$1::call (10 bytes)
Event: 80.307 Thread 0x00000240da0358a0 nmethod 15530 0x00000240b08be210 code [0x00000240b08be3a0, 0x00000240b08be598]
Event: 80.307 Thread 0x00000240da0358a0 15533       4       java.util.concurrent.FutureTask::awaitDone (214 bytes)
Event: 80.320 Thread 0x00000240da0358a0 nmethod 15533 0x00000240b08be790 code [0x00000240b08be940, 0x00000240b08bf258]
Event: 80.320 Thread 0x00000240da0358a0 15534   !   4       com.google.common.cache.LocalCache$Segment::lockedGetOrLoad (447 bytes)

GC Heap History (20 events):
Event: 45.786 GC heap before
{Heap before GC invocations=45 (full 0):
 garbage-first heap   total 165888K, used 124091K [0x0000000080000000, 0x0000000100000000)
  region size 1024K, 35 young (35840K), 1 survivors (1024K)
 Metaspace       used 80033K, committed 80768K, reserved 557056K
  class space    used 11046K, committed 11392K, reserved 425984K
}
Event: 45.791 GC heap after
{Heap after GC invocations=46 (full 0):
 garbage-first heap   total 279552K, used 90739K [0x0000000080000000, 0x0000000100000000)
  region size 1024K, 2 young (2048K), 2 survivors (2048K)
 Metaspace       used 80033K, committed 80768K, reserved 557056K
  class space    used 11046K, committed 11392K, reserved 425984K
}
Event: 58.023 GC heap before
{Heap before GC invocations=47 (full 0):
 garbage-first heap   total 279552K, used 184947K [0x0000000080000000, 0x0000000100000000)
  region size 1024K, 98 young (100352K), 2 survivors (2048K)
 Metaspace       used 84139K, committed 84928K, reserved 557056K
  class space    used 11608K, committed 11968K, reserved 425984K
}
Event: 58.036 GC heap after
{Heap after GC invocations=48 (full 0):
 garbage-first heap   total 279552K, used 92895K [0x0000000080000000, 0x0000000100000000)
  region size 1024K, 8 young (8192K), 8 survivors (8192K)
 Metaspace       used 84139K, committed 84928K, reserved 557056K
  class space    used 11608K, committed 11968K, reserved 425984K
}
Event: 58.336 GC heap before
{Heap before GC invocations=48 (full 0):
 garbage-first heap   total 279552K, used 96991K [0x0000000080000000, 0x0000000100000000)
  region size 1024K, 13 young (13312K), 8 survivors (8192K)
 Metaspace       used 84404K, committed 85120K, reserved 557056K
  class space    used 11654K, committed 11968K, reserved 425984K
}
Event: 58.350 GC heap after
{Heap after GC invocations=49 (full 0):
 garbage-first heap   total 279552K, used 93472K [0x0000000080000000, 0x0000000100000000)
  region size 1024K, 1 young (1024K), 1 survivors (1024K)
 Metaspace       used 84404K, committed 85120K, reserved 557056K
  class space    used 11654K, committed 11968K, reserved 425984K
}
Event: 62.156 GC heap before
{Heap before GC invocations=49 (full 0):
 garbage-first heap   total 279552K, used 197920K [0x0000000080000000, 0x0000000100000000)
  region size 1024K, 102 young (104448K), 1 survivors (1024K)
 Metaspace       used 90815K, committed 91584K, reserved 557056K
  class space    used 12711K, committed 13056K, reserved 425984K
}
Event: 62.164 GC heap after
{Heap after GC invocations=50 (full 0):
 garbage-first heap   total 279552K, used 97666K [0x0000000080000000, 0x0000000100000000)
  region size 1024K, 6 young (6144K), 6 survivors (6144K)
 Metaspace       used 90815K, committed 91584K, reserved 557056K
  class space    used 12711K, committed 13056K, reserved 425984K
}
Event: 67.280 GC heap before
{Heap before GC invocations=50 (full 0):
 garbage-first heap   total 279552K, used 208258K [0x0000000080000000, 0x0000000100000000)
  region size 1024K, 111 young (113664K), 6 survivors (6144K)
 Metaspace       used 95056K, committed 95936K, reserved 557056K
  class space    used 13230K, committed 13632K, reserved 425984K
}
Event: 67.306 GC heap after
{Heap after GC invocations=51 (full 0):
 garbage-first heap   total 279552K, used 119261K [0x0000000080000000, 0x0000000100000000)
  region size 1024K, 14 young (14336K), 14 survivors (14336K)
 Metaspace       used 95056K, committed 95936K, reserved 557056K
  class space    used 13230K, committed 13632K, reserved 425984K
}
Event: 71.339 GC heap before
{Heap before GC invocations=51 (full 0):
 garbage-first heap   total 279552K, used 213469K [0x0000000080000000, 0x0000000100000000)
  region size 1024K, 101 young (103424K), 14 survivors (14336K)
 Metaspace       used 95839K, committed 96768K, reserved 557056K
  class space    used 13318K, committed 13760K, reserved 425984K
}
Event: 71.371 GC heap after
{Heap after GC invocations=52 (full 0):
 garbage-first heap   total 279552K, used 145408K [0x0000000080000000, 0x0000000100000000)
  region size 1024K, 13 young (13312K), 13 survivors (13312K)
 Metaspace       used 95839K, committed 96768K, reserved 557056K
  class space    used 13318K, committed 13760K, reserved 425984K
}
Event: 73.789 GC heap before
{Heap before GC invocations=52 (full 0):
 garbage-first heap   total 279552K, used 212992K [0x0000000080000000, 0x0000000100000000)
  region size 1024K, 79 young (80896K), 13 survivors (13312K)
 Metaspace       used 100084K, committed 100992K, reserved 557056K
  class space    used 13942K, committed 14336K, reserved 425984K
}
Event: 73.812 GC heap after
{Heap after GC invocations=53 (full 0):
 garbage-first heap   total 279552K, used 152470K [0x0000000080000000, 0x0000000100000000)
  region size 1024K, 6 young (6144K), 6 survivors (6144K)
 Metaspace       used 100084K, committed 100992K, reserved 557056K
  class space    used 13942K, committed 14336K, reserved 425984K
}
Event: 76.482 GC heap before
{Heap before GC invocations=53 (full 0):
 garbage-first heap   total 279552K, used 219030K [0x0000000080000000, 0x0000000100000000)
  region size 1024K, 71 young (72704K), 6 survivors (6144K)
 Metaspace       used 102647K, committed 103680K, reserved 557056K
  class space    used 14268K, committed 14720K, reserved 425984K
}
Event: 76.511 GC heap after
{Heap after GC invocations=54 (full 0):
 garbage-first heap   total 279552K, used 160663K [0x0000000080000000, 0x0000000100000000)
  region size 1024K, 8 young (8192K), 8 survivors (8192K)
 Metaspace       used 102647K, committed 103680K, reserved 557056K
  class space    used 14268K, committed 14720K, reserved 425984K
}
Event: 77.869 GC heap before
{Heap before GC invocations=54 (full 0):
 garbage-first heap   total 279552K, used 223127K [0x0000000080000000, 0x0000000100000000)
  region size 1024K, 69 young (70656K), 8 survivors (8192K)
 Metaspace       used 103288K, committed 104384K, reserved 557056K
  class space    used 14319K, committed 14848K, reserved 425984K
}
Event: 77.893 GC heap after
{Heap after GC invocations=55 (full 0):
 garbage-first heap   total 279552K, used 167561K [0x0000000080000000, 0x0000000100000000)
  region size 1024K, 7 young (7168K), 7 survivors (7168K)
 Metaspace       used 103288K, committed 104384K, reserved 557056K
  class space    used 14319K, committed 14848K, reserved 425984K
}
Event: 79.367 GC heap before
{Heap before GC invocations=55 (full 0):
 garbage-first heap   total 279552K, used 224905K [0x0000000080000000, 0x0000000100000000)
  region size 1024K, 64 young (65536K), 7 survivors (7168K)
 Metaspace       used 104306K, committed 105408K, reserved 557056K
  class space    used 14450K, committed 14976K, reserved 425984K
}
Event: 79.387 GC heap after
{Heap after GC invocations=56 (full 0):
 garbage-first heap   total 279552K, used 172224K [0x0000000080000000, 0x0000000100000000)
  region size 1024K, 5 young (5120K), 5 survivors (5120K)
 Metaspace       used 104306K, committed 105408K, reserved 557056K
  class space    used 14450K, committed 14976K, reserved 425984K
}

Dll operation events (14 events):
Event: 0.011 Loaded shared library C:\Program Files\Microsoft\jdk-17.0.8.7-hotspot\bin\java.dll
Event: 0.046 Loaded shared library C:\Program Files\Microsoft\jdk-17.0.8.7-hotspot\bin\jsvml.dll
Event: 0.151 Loaded shared library C:\Program Files\Microsoft\jdk-17.0.8.7-hotspot\bin\zip.dll
Event: 0.154 Loaded shared library C:\Program Files\Microsoft\jdk-17.0.8.7-hotspot\bin\instrument.dll
Event: 0.159 Loaded shared library C:\Program Files\Microsoft\jdk-17.0.8.7-hotspot\bin\net.dll
Event: 0.163 Loaded shared library C:\Program Files\Microsoft\jdk-17.0.8.7-hotspot\bin\nio.dll
Event: 0.172 Loaded shared library C:\Program Files\Microsoft\jdk-17.0.8.7-hotspot\bin\zip.dll
Event: 0.560 Loaded shared library C:\Program Files\Microsoft\jdk-17.0.8.7-hotspot\bin\jimage.dll
Event: 0.893 Loaded shared library C:\Program Files\Microsoft\jdk-17.0.8.7-hotspot\bin\verify.dll
Event: 1.472 Loaded shared library C:\Users\Admin\.gradle\native\68d5fa5c4cc2d200863cafc0d521ce42e7d3e7ee720ec0a83991735586a16f82\windows-amd64\native-platform.dll
Event: 1.480 Loaded shared library C:\Users\Admin\.gradle\native\e376f236ea51e6404a007f0833ffe2c6e607c4080706a723a18a27aeea778392\windows-amd64\native-platform-file-events.dll
Event: 3.322 Loaded shared library C:\Program Files\Microsoft\jdk-17.0.8.7-hotspot\bin\management.dll
Event: 3.329 Loaded shared library C:\Program Files\Microsoft\jdk-17.0.8.7-hotspot\bin\management_ext.dll
Event: 4.628 Loaded shared library C:\Program Files\Microsoft\jdk-17.0.8.7-hotspot\bin\sunmscapi.dll

Deoptimization events (20 events):
Event: 79.270 Thread 0x00000240da4574d0 Uncommon trap: trap_request=0xffffff76 fr.pc=0x00000240b04c7e6c relative=0x000000000000092c
Event: 79.270 Thread 0x00000240da4574d0 Uncommon trap: reason=predicate action=maybe_recompile pc=0x00000240b04c7e6c method=java.util.ComparableTimSort.binarySort([Ljava/lang/Object;III)V @ 34 c2
Event: 79.270 Thread 0x00000240da4574d0 DEOPT PACKING pc=0x00000240b04c7e6c sp=0x000000b2924fb170
Event: 79.270 Thread 0x00000240da4574d0 DEOPT UNPACKING pc=0x00000240afa369a3 sp=0x000000b2924fb118 mode 2
Event: 79.281 Thread 0x00000240da4574d0 Uncommon trap: trap_request=0xffffffc6 fr.pc=0x00000240b0857c48 relative=0x00000000000000a8
Event: 79.281 Thread 0x00000240da4574d0 Uncommon trap: reason=bimorphic_or_optimized_type_check action=maybe_recompile pc=0x00000240b0857c48 method=org.gradle.execution.plan.ActionNode.hasPendingPreExecutionNodes()Z @ 11 c2
Event: 79.281 Thread 0x00000240da4574d0 DEOPT PACKING pc=0x00000240b0857c48 sp=0x000000b2924fdde0
Event: 79.281 Thread 0x00000240da4574d0 DEOPT UNPACKING pc=0x00000240afa369a3 sp=0x000000b2924fdd68 mode 2
Event: 79.287 Thread 0x00000240da4574d0 Uncommon trap: trap_request=0xffffffc6 fr.pc=0x00000240b0857c48 relative=0x00000000000000a8
Event: 79.287 Thread 0x00000240da4574d0 Uncommon trap: reason=bimorphic_or_optimized_type_check action=maybe_recompile pc=0x00000240b0857c48 method=org.gradle.execution.plan.ActionNode.hasPendingPreExecutionNodes()Z @ 11 c2
Event: 79.287 Thread 0x00000240da4574d0 DEOPT PACKING pc=0x00000240b0857c48 sp=0x000000b2924fdde0
Event: 79.287 Thread 0x00000240da4574d0 DEOPT UNPACKING pc=0x00000240afa369a3 sp=0x000000b2924fdd68 mode 2
Event: 79.292 Thread 0x00000240da4574d0 Uncommon trap: trap_request=0xffffffc6 fr.pc=0x00000240b0857c48 relative=0x00000000000000a8
Event: 79.292 Thread 0x00000240da4574d0 Uncommon trap: reason=bimorphic_or_optimized_type_check action=maybe_recompile pc=0x00000240b0857c48 method=org.gradle.execution.plan.ActionNode.hasPendingPreExecutionNodes()Z @ 11 c2
Event: 79.292 Thread 0x00000240da4574d0 DEOPT PACKING pc=0x00000240b0857c48 sp=0x000000b2924fdde0
Event: 79.293 Thread 0x00000240da4574d0 DEOPT UNPACKING pc=0x00000240afa369a3 sp=0x000000b2924fdd68 mode 2
Event: 79.336 Thread 0x00000240da450a80 Uncommon trap: trap_request=0xffffffc6 fr.pc=0x00000240b0857c48 relative=0x00000000000000a8
Event: 79.336 Thread 0x00000240da450a80 Uncommon trap: reason=bimorphic_or_optimized_type_check action=maybe_recompile pc=0x00000240b0857c48 method=org.gradle.execution.plan.ActionNode.hasPendingPreExecutionNodes()Z @ 11 c2
Event: 79.336 Thread 0x00000240da450a80 DEOPT PACKING pc=0x00000240b0857c48 sp=0x000000b2927fec70
Event: 79.336 Thread 0x00000240da450a80 DEOPT UNPACKING pc=0x00000240afa369a3 sp=0x000000b2927febf8 mode 2

Classes unloaded (0 events):
No events

Classes redefined (0 events):
No events

Internal exceptions (20 events):
Event: 73.859 Thread 0x00000240e031cc40 Exception <a 'sun/nio/fs/WindowsException'{0x000000009150e980}> (0x000000009150e980) 
thrown [s\src\hotspot\share\prims\jni.cpp, line 516]
Event: 73.859 Thread 0x00000240e031cc40 Exception <a 'sun/nio/fs/WindowsException'{0x0000000091510010}> (0x0000000091510010) 
thrown [s\src\hotspot\share\prims\jni.cpp, line 516]
Event: 75.410 Thread 0x00000240e031cc40 Implicit null exception at 0x00000240b0742f12 to 0x00000240b0742ff6
Event: 75.720 Thread 0x00000240e031cc40 Implicit null exception at 0x00000240b074e4d6 to 0x00000240b074eec8
Event: 76.137 Thread 0x00000240e031cc40 Exception <a 'java/lang/IncompatibleClassChangeError'{0x000000008d7f33e8}: Found class java.lang.Object, but interface was expected> (0x000000008d7f33e8) 
thrown [s\src\hotspot\share\interpreter\linkResolver.cpp, line 826]
Event: 76.512 Thread 0x00000240da01b3a0 Implicit null exception at 0x00000240b0646900 to 0x00000240b0646f60
Event: 76.541 Thread 0x00000240e031cc40 Exception <a 'sun/nio/fs/WindowsException'{0x0000000091567988}> (0x0000000091567988) 
thrown [s\src\hotspot\share\prims\jni.cpp, line 516]
Event: 76.541 Thread 0x00000240e031cc40 Exception <a 'sun/nio/fs/WindowsException'{0x0000000091568fc8}> (0x0000000091568fc8) 
thrown [s\src\hotspot\share\prims\jni.cpp, line 516]
Event: 76.542 Thread 0x00000240e031cc40 Exception <a 'sun/nio/fs/WindowsException'{0x000000009156a658}> (0x000000009156a658) 
thrown [s\src\hotspot\share\prims\jni.cpp, line 516]
Event: 76.542 Thread 0x00000240e031cc40 Exception <a 'sun/nio/fs/WindowsException'{0x000000009156bce8}> (0x000000009156bce8) 
thrown [s\src\hotspot\share\prims\jni.cpp, line 516]
Event: 78.023 Thread 0x00000240da450a80 Exception <a 'java/lang/NoSuchMethodError'{0x0000000091211ec0}: 'void java.lang.invoke.DirectMethodHandle$Holder.invokeStatic(java.lang.Object, java.lang.Object, java.lang.Object, java.lang.Object, int, java.lang.Object, java.lang.Object)'> (0x0000000091211ec0) 
thrown [s\src\hotspot\share\interpreter\linkResolver.cpp, line 759]
Event: 78.051 Thread 0x00000240da450a80 Exception <a 'java/lang/NoSuchMethodError'{0x0000000091134340}: 'java.lang.Object java.lang.invoke.DirectMethodHandle$Holder.invokeSpecialIFC(java.lang.Object, java.lang.Object, java.lang.Object)'> (0x0000000091134340) 
thrown [s\src\hotspot\share\interpreter\linkResolver.cpp, line 759]
Event: 78.429 Thread 0x00000240e5338950 Exception <a 'java/lang/NoSuchMethodError'{0x000000008fffa398}: 'void java.lang.invoke.DirectMethodHandle$Holder.invokeVirtual(java.lang.Object, java.lang.Object)'> (0x000000008fffa398) 
thrown [s\src\hotspot\share\interpreter\linkResolver.cpp, line 759]
Event: 79.214 Thread 0x00000240da4574d0 Exception <a 'java/lang/ClassNotFoundException'{0x000000008dcc0dc0}: groovy/util/FileTreeBuilderBeanInfo> (0x000000008dcc0dc0) 
thrown [s\src\hotspot\share\classfile\systemDictionary.cpp, line 256]
Event: 79.216 Thread 0x00000240da4574d0 Exception <a 'java/lang/ClassNotFoundException'{0x000000008db23e50}: groovy/util/FileTreeBuilderCustomizer> (0x000000008db23e50) 
thrown [s\src\hotspot\share\classfile\systemDictionary.cpp, line 256]
Event: 79.222 Thread 0x00000240da4574d0 Exception <a 'java/lang/ClassNotFoundException'{0x000000008db5e118}: java/io/BufferedWriterBeanInfo> (0x000000008db5e118) 
thrown [s\src\hotspot\share\classfile\systemDictionary.cpp, line 256]
Event: 79.222 Thread 0x00000240da4574d0 Exception <a 'java/lang/ClassNotFoundException'{0x000000008db64248}: java/io/WriterBeanInfo> (0x000000008db64248) 
thrown [s\src\hotspot\share\classfile\systemDictionary.cpp, line 256]
Event: 79.222 Thread 0x00000240da4574d0 Exception <a 'java/lang/ClassNotFoundException'{0x000000008db6a5e0}: java/io/WriterCustomizer> (0x000000008db6a5e0) 
thrown [s\src\hotspot\share\classfile\systemDictionary.cpp, line 256]
Event: 79.223 Thread 0x00000240da4574d0 Exception <a 'java/lang/ClassNotFoundException'{0x000000008db79640}: java/io/BufferedWriterCustomizer> (0x000000008db79640) 
thrown [s\src\hotspot\share\classfile\systemDictionary.cpp, line 256]
Event: 79.271 Thread 0x00000240da4574d0 Exception <a 'java/lang/NoSuchMethodError'{0x000000008da133a8}: static Lcom/android/build/api/variant/BuildConfigField;.<clinit>()V> (0x000000008da133a8) 
thrown [s\src\hotspot\share\prims\jni.cpp, line 1107]

VM Operations (20 events):
Event: 77.869 Executing VM operation: G1CollectForAllocation
Event: 77.894 Executing VM operation: G1CollectForAllocation done
Event: 77.997 Executing VM operation: HandshakeAllThreads
Event: 77.997 Executing VM operation: HandshakeAllThreads done
Event: 78.031 Executing VM operation: HandshakeAllThreads
Event: 78.031 Executing VM operation: HandshakeAllThreads done
Event: 78.115 Executing VM operation: HandshakeAllThreads
Event: 78.115 Executing VM operation: HandshakeAllThreads done
Event: 78.117 Executing VM operation: HandshakeAllThreads
Event: 78.117 Executing VM operation: HandshakeAllThreads done
Event: 78.407 Executing VM operation: ICBufferFull
Event: 78.408 Executing VM operation: ICBufferFull done
Event: 78.894 Executing VM operation: ICBufferFull
Event: 78.914 Executing VM operation: ICBufferFull done
Event: 79.141 Executing VM operation: HandshakeAllThreads
Event: 79.156 Executing VM operation: HandshakeAllThreads done
Event: 79.179 Executing VM operation: ICBufferFull
Event: 79.187 Executing VM operation: ICBufferFull done
Event: 79.366 Executing VM operation: G1CollectForAllocation
Event: 79.387 Executing VM operation: G1CollectForAllocation done

Events (20 events):
Event: 79.158 Thread 0x00000240da0a09f0 flushing nmethod 0x00000240b03dcb10
Event: 79.168 Thread 0x00000240da0a09f0 flushing nmethod 0x00000240a8efde10
Event: 79.171 Thread 0x00000240da0a09f0 flushing nmethod 0x00000240a9253910
Event: 79.177 Thread 0x00000240da0a09f0 flushing nmethod 0x00000240a9b03d10
Event: 79.221 loading class java/io/BufferedWriterBeanInfo
Event: 79.221 loading class java/io/BufferedWriterBeanInfo done
Event: 79.222 loading class java/io/BufferedWriterBeanInfo
Event: 79.222 loading class java/io/BufferedWriterBeanInfo done
Event: 79.222 loading class java/io/WriterBeanInfo
Event: 79.222 loading class java/io/WriterBeanInfo done
Event: 79.222 loading class java/io/WriterBeanInfo
Event: 79.222 loading class java/io/WriterBeanInfo done
Event: 79.222 loading class java/io/WriterCustomizer
Event: 79.222 loading class java/io/WriterCustomizer done
Event: 79.222 loading class java/io/WriterCustomizer
Event: 79.222 loading class java/io/WriterCustomizer done
Event: 79.223 loading class java/io/BufferedWriterCustomizer
Event: 79.223 loading class java/io/BufferedWriterCustomizer done
Event: 79.223 loading class java/io/BufferedWriterCustomizer
Event: 79.223 loading class java/io/BufferedWriterCustomizer done


Dynamic libraries:
0x00007ff79f800000 - 0x00007ff79f80e000 	C:\Program Files\Microsoft\jdk-17.0.8.7-hotspot\bin\java.exe
0x00007ffac5770000 - 0x00007ffac5968000 	C:\WINDOWS\SYSTEM32\ntdll.dll
0x00007ffac4310000 - 0x00007ffac43cd000 	C:\WINDOWS\System32\KERNEL32.DLL
0x00007ffac3040000 - 0x00007ffac3336000 	C:\WINDOWS\System32\KERNELBASE.dll
0x00007ffac3560000 - 0x00007ffac3660000 	C:\WINDOWS\System32\ucrtbase.dll
0x00007ffabc740000 - 0x00007ffabc757000 	C:\Program Files\Microsoft\jdk-17.0.8.7-hotspot\bin\jli.dll
0x00007ffac53e0000 - 0x00007ffac557e000 	C:\WINDOWS\System32\USER32.dll
0x00007ffac2e50000 - 0x00007ffac2e72000 	C:\WINDOWS\System32\win32u.dll
0x00007ffac4290000 - 0x00007ffac42bc000 	C:\WINDOWS\System32\GDI32.dll
0x00007ffac36b0000 - 0x00007ffac37ca000 	C:\WINDOWS\System32\gdi32full.dll
0x00007ffac2fa0000 - 0x00007ffac303d000 	C:\WINDOWS\System32\msvcp_win.dll
0x00007ffabc4b0000 - 0x00007ffabc4cb000 	C:\Program Files\Microsoft\jdk-17.0.8.7-hotspot\bin\VCRUNTIME140.dll
0x00007ffab1d00000 - 0x00007ffab1f9a000 	C:\WINDOWS\WinSxS\amd64_microsoft.windows.common-controls_6595b64144ccf1df_6.0.19041.3636_none_60b6a03d71f818d5\COMCTL32.dll
0x00007ffac4dc0000 - 0x00007ffac4e5e000 	C:\WINDOWS\System32\msvcrt.dll
0x00007ffac42c0000 - 0x00007ffac42f0000 	C:\WINDOWS\System32\IMM32.DLL
0x00007ffabb840000 - 0x00007ffabb84c000 	C:\Program Files\Microsoft\jdk-17.0.8.7-hotspot\bin\vcruntime140_1.dll
0x00007ffa82130000 - 0x00007ffa821bd000 	C:\Program Files\Microsoft\jdk-17.0.8.7-hotspot\bin\msvcp140.dll
0x00007ffa5ad30000 - 0x00007ffa5b995000 	C:\Program Files\Microsoft\jdk-17.0.8.7-hotspot\bin\server\jvm.dll
0x00007ffac4620000 - 0x00007ffac46cf000 	C:\WINDOWS\System32\ADVAPI32.dll
0x00007ffac43d0000 - 0x00007ffac446c000 	C:\WINDOWS\System32\sechost.dll
0x00007ffac3850000 - 0x00007ffac3976000 	C:\WINDOWS\System32\RPCRT4.dll
0x00007ffac2400000 - 0x00007ffac244b000 	C:\WINDOWS\SYSTEM32\POWRPROF.dll
0x00007ffabbd20000 - 0x00007ffabbd29000 	C:\WINDOWS\SYSTEM32\WSOCK32.dll
0x00007ffac45a0000 - 0x00007ffac460b000 	C:\WINDOWS\System32\WS2_32.dll
0x00007ffaaecd0000 - 0x00007ffaaecf7000 	C:\WINDOWS\SYSTEM32\WINMM.dll
0x00007ffac14f0000 - 0x00007ffac14fa000 	C:\WINDOWS\SYSTEM32\VERSION.dll
0x00007ffac2270000 - 0x00007ffac2282000 	C:\WINDOWS\SYSTEM32\UMPDC.dll
0x00007ffac16f0000 - 0x00007ffac1702000 	C:\WINDOWS\SYSTEM32\kernel.appcore.dll
0x00007ffab76d0000 - 0x00007ffab76da000 	C:\Program Files\Microsoft\jdk-17.0.8.7-hotspot\bin\jimage.dll
0x00007ffaa48c0000 - 0x00007ffaa4aa4000 	C:\WINDOWS\SYSTEM32\DBGHELP.DLL
0x00007ffaa4880000 - 0x00007ffaa48b4000 	C:\WINDOWS\SYSTEM32\dbgcore.DLL
0x00007ffac3370000 - 0x00007ffac33f2000 	C:\WINDOWS\System32\bcryptPrimitives.dll
0x00007ffaa8980000 - 0x00007ffaa898e000 	C:\Program Files\Microsoft\jdk-17.0.8.7-hotspot\bin\instrument.dll
0x00007ffa96a90000 - 0x00007ffa96ab5000 	C:\Program Files\Microsoft\jdk-17.0.8.7-hotspot\bin\java.dll
0x00007ffa82050000 - 0x00007ffa82127000 	C:\Program Files\Microsoft\jdk-17.0.8.7-hotspot\bin\jsvml.dll
0x00007ffac3ab0000 - 0x00007ffac41f5000 	C:\WINDOWS\System32\SHELL32.dll
0x00007ffac0c30000 - 0x00007ffac13cb000 	C:\WINDOWS\SYSTEM32\windows.storage.dll
0x00007ffac4810000 - 0x00007ffac4b64000 	C:\WINDOWS\System32\combase.dll
0x00007ffac2890000 - 0x00007ffac28bd000 	C:\WINDOWS\SYSTEM32\Wldp.dll
0x00007ffac52d0000 - 0x00007ffac537d000 	C:\WINDOWS\System32\SHCORE.dll
0x00007ffac47b0000 - 0x00007ffac4805000 	C:\WINDOWS\System32\shlwapi.dll
0x00007ffac2d80000 - 0x00007ffac2da5000 	C:\WINDOWS\SYSTEM32\profapi.dll
0x00007ffa95a10000 - 0x00007ffa95a28000 	C:\Program Files\Microsoft\jdk-17.0.8.7-hotspot\bin\zip.dll
0x00007ffab23b0000 - 0x00007ffab23c9000 	C:\Program Files\Microsoft\jdk-17.0.8.7-hotspot\bin\net.dll
0x00007ffac13e0000 - 0x00007ffac14ea000 	C:\WINDOWS\SYSTEM32\WINHTTP.dll
0x00007ffac25f0000 - 0x00007ffac265a000 	C:\WINDOWS\system32\mswsock.dll
0x00007ffa95a30000 - 0x00007ffa95a46000 	C:\Program Files\Microsoft\jdk-17.0.8.7-hotspot\bin\nio.dll
0x00007ffab76c0000 - 0x00007ffab76d0000 	C:\Program Files\Microsoft\jdk-17.0.8.7-hotspot\bin\verify.dll
0x00007ffabbd30000 - 0x00007ffabbd57000 	C:\Users\Admin\.gradle\native\68d5fa5c4cc2d200863cafc0d521ce42e7d3e7ee720ec0a83991735586a16f82\windows-amd64\native-platform.dll
0x00007ffa79230000 - 0x00007ffa79374000 	C:\Users\Admin\.gradle\native\e376f236ea51e6404a007f0833ffe2c6e607c4080706a723a18a27aeea778392\windows-amd64\native-platform-file-events.dll
0x00007ffaa7760000 - 0x00007ffaa7769000 	C:\Program Files\Microsoft\jdk-17.0.8.7-hotspot\bin\management.dll
0x00007ffaa76c0000 - 0x00007ffaa76cb000 	C:\Program Files\Microsoft\jdk-17.0.8.7-hotspot\bin\management_ext.dll
0x00007ffac4610000 - 0x00007ffac4618000 	C:\WINDOWS\System32\PSAPI.DLL
0x00007ffac27e0000 - 0x00007ffac27f8000 	C:\WINDOWS\SYSTEM32\CRYPTSP.dll
0x00007ffac1eb0000 - 0x00007ffac1ee4000 	C:\WINDOWS\system32\rsaenh.dll
0x00007ffac3340000 - 0x00007ffac3367000 	C:\WINDOWS\System32\bcrypt.dll
0x00007ffac2d40000 - 0x00007ffac2d6e000 	C:\WINDOWS\SYSTEM32\USERENV.dll
0x00007ffac2800000 - 0x00007ffac280c000 	C:\WINDOWS\SYSTEM32\CRYPTBASE.dll
0x00007ffac2290000 - 0x00007ffac22cb000 	C:\WINDOWS\SYSTEM32\IPHLPAPI.DLL
0x00007ffac47a0000 - 0x00007ffac47a8000 	C:\WINDOWS\System32\NSI.dll
0x00007ffab9100000 - 0x00007ffab9117000 	C:\WINDOWS\SYSTEM32\dhcpcsvc6.DLL
0x00007ffab8f20000 - 0x00007ffab8f3d000 	C:\WINDOWS\SYSTEM32\dhcpcsvc.DLL
0x00007ffac22d0000 - 0x00007ffac239a000 	C:\WINDOWS\SYSTEM32\DNSAPI.dll
0x00007ffabc550000 - 0x00007ffabc55e000 	C:\Program Files\Microsoft\jdk-17.0.8.7-hotspot\bin\sunmscapi.dll
0x00007ffac3400000 - 0x00007ffac355d000 	C:\WINDOWS\System32\CRYPT32.dll
0x00007ffac2900000 - 0x00007ffac2927000 	C:\WINDOWS\SYSTEM32\ncrypt.dll
0x00007ffac28c0000 - 0x00007ffac28fb000 	C:\WINDOWS\SYSTEM32\NTASN1.dll
0x00007ffab1860000 - 0x00007ffab1867000 	C:\WINDOWS\system32\wshunix.dll
0x00007ffabb690000 - 0x00007ffabb69a000 	C:\Windows\System32\rasadhlp.dll
0x00007ffab7140000 - 0x00007ffab71c0000 	C:\WINDOWS\System32\fwpuclnt.dll
0x00007ffabb1a0000 - 0x00007ffabb1b7000 	C:\WINDOWS\system32\napinsp.dll
0x00007ffabb180000 - 0x00007ffabb19b000 	C:\WINDOWS\system32\pnrpnsp.dll
0x00007ffabd4f0000 - 0x00007ffabd505000 	C:\WINDOWS\system32\wshbth.dll
0x00007ffabd9f0000 - 0x00007ffabda0d000 	C:\WINDOWS\system32\NLAapi.dll
0x00007ffabb160000 - 0x00007ffabb172000 	C:\WINDOWS\System32\winrnr.dll

dbghelp: loaded successfully - version: 4.0.5 - missing functions: none
symbol engine: initialized successfully - sym options: 0x614 - pdb path: .;C:\Program Files\Microsoft\jdk-17.0.8.7-hotspot\bin;C:\WINDOWS\SYSTEM32;C:\WINDOWS\WinSxS\amd64_microsoft.windows.common-controls_6595b64144ccf1df_6.0.19041.3636_none_60b6a03d71f818d5;C:\Program Files\Microsoft\jdk-17.0.8.7-hotspot\bin\server;C:\Users\Admin\.gradle\native\68d5fa5c4cc2d200863cafc0d521ce42e7d3e7ee720ec0a83991735586a16f82\windows-amd64;C:\Users\Admin\.gradle\native\e376f236ea51e6404a007f0833ffe2c6e607c4080706a723a18a27aeea778392\windows-amd64

VM Arguments:
jvm_args: -XX:MaxMetaspaceSize=512m --add-opens=java.base/java.util=ALL-UNNAMED --add-opens=java.base/java.lang=ALL-UNNAMED --add-opens=java.base/java.lang.invoke=ALL-UNNAMED --add-opens=java.prefs/java.util.prefs=ALL-UNNAMED --add-opens=java.base/java.nio.charset=ALL-UNNAMED --add-opens=java.base/java.net=ALL-UNNAMED --add-opens=java.base/java.util.concurrent.atomic=ALL-UNNAMED -Xmx2048m -Dfile.encoding=windows-1252 -Duser.country=ID -Duser.language=en -Duser.variant -javaagent:C:\Users\Admin\.gradle\wrapper\dists\gradle-8.3-all\6en3ugtfdg5xnpx44z4qbwgas\gradle-8.3\lib\agents\gradle-instrumentation-agent-8.3.jar 
java_command: org.gradle.launcher.daemon.bootstrap.GradleDaemon 8.3
java_class_path (initial): C:\Users\Admin\.gradle\wrapper\dists\gradle-8.3-all\6en3ugtfdg5xnpx44z4qbwgas\gradle-8.3\lib\gradle-launcher-8.3.jar
Launcher Type: SUN_STANDARD

[Global flags]
     intx CICompilerCount                          = 3                                         {product} {ergonomic}
   size_t CompressedClassSpaceSize                 = 436207616                                 {product} {ergonomic}
     uint ConcGCThreads                            = 1                                         {product} {ergonomic}
     uint G1ConcRefinementThreads                  = 4                                         {product} {ergonomic}
   size_t G1HeapRegionSize                         = 1048576                                   {product} {ergonomic}
    uintx GCDrainStackTargetSize                   = 64                                        {product} {ergonomic}
   size_t InitialHeapSize                          = 400556032                                 {product} {ergonomic}
   size_t MarkStackSize                            = 4194304                                   {product} {ergonomic}
   size_t MaxHeapSize                              = 2147483648                                {product} {command line}
   size_t MaxMetaspaceSize                         = 536870912                                 {product} {command line}
   size_t MaxNewSize                               = 1287651328                                {product} {ergonomic}
   size_t MinHeapDeltaBytes                        = 1048576                                   {product} {ergonomic}
   size_t MinHeapSize                              = 8388608                                   {product} {ergonomic}
    uintx NonNMethodCodeHeapSize                   = 5832780                                {pd product} {ergonomic}
    uintx NonProfiledCodeHeapSize                  = 122912730                              {pd product} {ergonomic}
    uintx ProfiledCodeHeapSize                     = 122912730                              {pd product} {ergonomic}
    uintx ReservedCodeCacheSize                    = 251658240                              {pd product} {ergonomic}
     bool SegmentedCodeCache                       = true                                      {product} {ergonomic}
   size_t SoftMaxHeapSize                          = 2147483648                             {manageable} {ergonomic}
     bool UseCompressedClassPointers               = true                           {product lp64_product} {ergonomic}
     bool UseCompressedOops                        = true                           {product lp64_product} {ergonomic}
     bool UseG1GC                                  = true                                      {product} {ergonomic}
     bool UseLargePagesIndividualAllocation        = false                                  {pd product} {ergonomic}

Logging:
Log output configuration:
 #0: stdout all=warning uptime,level,tags
 #1: stderr all=off uptime,level,tags

Environment Variables:
JAVA_HOME=C:\Program Files\Microsoft\jdk-17.0.8.7-hotspot\
CLASSPATH=C:\Users\Admin\Documents\aplikasi\dcc\Mobile\android\\gradle\wrapper\gradle-wrapper.jar
PATH=C:\Users\Admin\Documents\aplikasi\dcc\Mobile\node_modules\.bin;C:\Users\Admin\Documents\aplikasi\dcc\node_modules\.bin;C:\Users\Admin\Documents\aplikasi\node_modules\.bin;C:\Users\Admin\Documents\node_modules\.bin;C:\Users\Admin\node_modules\.bin;C:\Users\node_modules\.bin;C:\node_modules\.bin;C:\Program Files\nodejs\node_modules\npm\node_modules\@npmcli\run-script\lib\node-gyp-bin;C:\Program Files\Microsoft\jdk-17.0.8.7-hotspot\bin;C:\WINDOWS\system32;C:\WINDOWS;C:\WINDOWS\System32\Wbem;C:\WINDOWS\System32\WindowsPowerShell\v1.0\;C:\WINDOWS\System32\OpenSSH\;C:\xampp\php;C:\ProgramData\ComposerSetup\bin;C:\Program Files\nodejs\;C:\Program Files\Git\cmd;C:\ProgramData\chocolatey\bin;C:\Users\Admin\AppData\Local\Android\Sdk;C:\Users\Admin\AppData\Local\Android\Sdk\platform-tools;C:\Users\Admin\AppData\Local\Android\Sdk\tools;C:\Users\Admin\AppData\Local\Programs\Python\Launcher\;C:\Users\Admin\AppData\Local\Microsoft\WindowsApps;C:\Users\Admin\AppData\Local\Programs\Microsoft VS Code\bin;C:\Users\Admin\AppData\Roaming\Composer\vendor\bin;C:\Users\Admin\AppData\Roaming\npm;C:\Users\Admin\AppData\Local\Android\Sdk\platform-tools;C:\Users\Admin\AppData\Local\Android\Sdk;
USERNAME=Admin
LANG=en_US.UTF-8
OS=Windows_NT
PROCESSOR_IDENTIFIER=Intel64 Family 6 Model 142 Stepping 9, GenuineIntel
TMP=C:\Users\Admin\AppData\Local\Temp
TEMP=C:\Users\Admin\AppData\Local\Temp



---------------  S Y S T E M  ---------------

OS:
 Windows 10 , 64 bit Build 19041 (10.0.19041.3636)
OS uptime: 6 days 20:02 hours

CPU: total 4 (initial active 4) (2 cores per cpu, 2 threads per core) family 6 model 142 stepping 9 microcode 0xf0, cx8, cmov, fxsr, ht, mmx, 3dnowpref, sse, sse2, sse3, ssse3, sse4.1, sse4.2, popcnt, lzcnt, tsc, tscinvbit, avx, avx2, aes, erms, clmul, bmi1, bmi2, rtm, adx, fma, vzeroupper, clflush, clflushopt
Processor Information for all 4 processors :
  Max Mhz: 2904, Current Mhz: 2803, Mhz Limit: 2787

Memory: 4k page, system-wide physical 24410M (15656M free)
TotalPageFile size 27994M (AvailPageFile size 18948M)
current process WorkingSet (physical memory assigned to process): 591M, peak: 599M
current process commit charge ("private bytes"): 633M, peak: 641M

vm_info: OpenJDK 64-Bit Server VM (17.0.8+7-LTS) for windows-amd64 JRE (17.0.8+7-LTS), built on Jul  7 2023 17:21:55 by "MicrosoftCorporation" with MS VC++ 16.10 / 16.11 (VS2019)

END.
